<?xml version="1.0" encoding="UTF-8"?>
<!-- Generated by org.testng.reporters.JUnitXMLReporter -->
<testsuite hostname="chinaskindeiMac.local" name="ChinaSkinAllTestCase" tests="71" failures="0" timestamp="3 Aug 2016 07:48:21 GMT" time="19.191" errors="0">
  <testcase name="@BeforeTest launchTestApp" time="0.0" classname="test05.yueni.ios.myprofile.Test08UserLoginPage">
    <failure type="java.lang.Error" message="A new session could not be created. (Original error: Bad response from getTreeForXML. Err was undefined and res was undefined) (WARNING: The server did not provide any stacktrace information)
Command duration or timeout: 18.86 seconds
Build info: version: &amp;apos;2.42.2&amp;apos;, revision: &amp;apos;6a6995d31c7c56c340d6f45a76976d43506cd6cc&amp;apos;, time: &amp;apos;2014-06-03 10:52:47&amp;apos;
System info: host: &amp;apos;chinaskindeiMac.local&amp;apos;, ip: &amp;apos;192.168.145.165&amp;apos;, os.name: &amp;apos;Mac OS X&amp;apos;, os.arch: &amp;apos;x86_64&amp;apos;, os.version: &amp;apos;10.11.3&amp;apos;, java.version: &amp;apos;1.8.0_51&amp;apos;
Driver info: io.appium.java_client.ios.IOSDriver">
      <![CDATA[java.lang.Error: A new session could not be created. (Original error: Bad response from getTreeForXML. Err was undefined and res was undefined) (WARNING: The server did not provide any stacktrace information)
Command duration or timeout: 18.86 seconds
Build info: version: '2.42.2', revision: '6a6995d31c7c56c340d6f45a76976d43506cd6cc', time: '2014-06-03 10:52:47'
System info: host: 'chinaskindeiMac.local', ip: '192.168.145.165', os.name: 'Mac OS X', os.arch: 'x86_64', os.version: '10.11.3', java.version: '1.8.0_51'
Driver info: io.appium.java_client.ios.IOSDriver
	at net.wanghaifeng.conf.iOSLauncherConf.iosDriver(iOSLauncherConf.java:34)
	at net.wanghaifeng.enums.IOSLauncher$1.execute(IOSLauncher.java:13)
	at net.wanghaifeng.com.TestDriverIOS.launchTestApp(TestDriverIOS.java:70)
... Removed 22 stack frames]]>
    </failure>
  </testcase> <!-- @BeforeTest launchTestApp -->
  <testcase name="@BeforeClass OpenInitializationTestPage" time="0.0" classname="test05.yueni.ios.myprofile.Test05MyProfilePage">
    <skipped/>
  </testcase> <!-- @BeforeClass OpenInitializationTestPage -->
  <testcase name="@AfterClass ResetTestApplication" time="0.0" classname="test05.yueni.ios.myprofile.Test05MyProfilePage">
    <skipped/>
  </testcase> <!-- @AfterClass ResetTestApplication -->
  <testcase name="@BeforeClass OpenInitializationTestPage" time="0.0" classname="test05.yueni.ios.myprofile.Test06UserCenterPage">
    <skipped/>
  </testcase> <!-- @BeforeClass OpenInitializationTestPage -->
  <testcase name="@AfterClass ResetTestApplication" time="0.0" classname="test05.yueni.ios.myprofile.Test06UserCenterPage">
    <skipped/>
  </testcase> <!-- @AfterClass ResetTestApplication -->
  <testcase name="@BeforeClass OpenInitializationTestPage" time="0.0" classname="test05.yueni.ios.myprofile.Test07SystemSettingPage">
    <skipped/>
  </testcase> <!-- @BeforeClass OpenInitializationTestPage -->
  <testcase name="@AfterClass ResetTestApplication" time="0.0" classname="test05.yueni.ios.myprofile.Test07SystemSettingPage">
    <skipped/>
  </testcase> <!-- @AfterClass ResetTestApplication -->
  <testcase name="@BeforeClass OpenInitializationTestPage" time="0.0" classname="test05.yueni.ios.myprofile.Test08UserLoginPage">
    <skipped/>
  </testcase> <!-- @BeforeClass OpenInitializationTestPage -->
  <testcase name="@BeforeClass OpenInitializationTestPage" time="0.0" classname="test05.yueni.ios.myprofile.Test10ForgetPasswordPage">
    <skipped/>
  </testcase> <!-- @BeforeClass OpenInitializationTestPage -->
  <testcase name="@AfterClass ResetTestApplication" time="0.0" classname="test05.yueni.ios.myprofile.Test10ForgetPasswordPage">
    <skipped/>
  </testcase> <!-- @AfterClass ResetTestApplication -->
  <testcase name="@BeforeClass OpenInitializationTestPage" time="0.0" classname="test05.yueni.ios.myprofile.Test11ReceiveAddressPage">
    <skipped/>
  </testcase> <!-- @BeforeClass OpenInitializationTestPage -->
  <testcase name="@AfterClass ResetTestApplication" time="0.0" classname="test05.yueni.ios.myprofile.Test11ReceiveAddressPage">
    <skipped/>
  </testcase> <!-- @AfterClass ResetTestApplication -->
  <testcase name="@BeforeClass OpenInitializationTestPage" time="0.0" classname="test05.yueni.ios.myprofile.Test12MenstruationAssistantPage">
    <skipped/>
  </testcase> <!-- @BeforeClass OpenInitializationTestPage -->
  <testcase name="@AfterClass ResetTestApplication" time="0.0" classname="test05.yueni.ios.myprofile.Test12MenstruationAssistantPage">
    <skipped/>
  </testcase> <!-- @AfterClass ResetTestApplication -->
  <testcase name="@BeforeClass OpenInitializationTestPage" time="0.0" classname="test05.yueni.ios.myprofile.Test13UserPostCenterPage">
    <skipped/>
  </testcase> <!-- @BeforeClass OpenInitializationTestPage -->
  <testcase name="@AfterClass ResetTestApplication" time="0.0" classname="test05.yueni.ios.myprofile.Test13UserPostCenterPage">
    <skipped/>
  </testcase> <!-- @AfterClass ResetTestApplication -->
  <testcase name="@BeforeClass OpenInitializationTestPage" time="0.0" classname="test05.yueni.ios.myprofile.Test14EditUserInfoPage">
    <skipped/>
  </testcase> <!-- @BeforeClass OpenInitializationTestPage -->
  <testcase name="@AfterClass ResetTestApplication" time="0.0" classname="test05.yueni.ios.myprofile.Test14EditUserInfoPage">
    <skipped/>
  </testcase> <!-- @AfterClass ResetTestApplication -->
  <testcase name="@BeforeClass OpenInitializationTestPage" time="0.0" classname="test05.yueni.ios.myprofile.Test15UserPostCollectionPage">
    <skipped/>
  </testcase> <!-- @BeforeClass OpenInitializationTestPage -->
  <testcase name="@AfterClass ResetTestApplication" time="0.0" classname="test05.yueni.ios.myprofile.Test15UserPostCollectionPage">
    <skipped/>
  </testcase> <!-- @AfterClass ResetTestApplication -->
  <testcase name="@BeforeClass OpenInitializationTestPage" time="0.0" classname="test05.yueni.ios.myprofile.Test16UserLableSubscriptionPage">
    <skipped/>
  </testcase> <!-- @BeforeClass OpenInitializationTestPage -->
  <testcase name="@AfterClass ResetTestApplication" time="0.0" classname="test05.yueni.ios.myprofile.Test16UserLableSubscriptionPage">
    <skipped/>
  </testcase> <!-- @AfterClass ResetTestApplication -->
  <testcase name="@AfterTest TestFir06stRunCompareLogFileTest" time="0.0" classname="test00.yueni.ios.base.Test00AutoTestBase">
    <skipped/>
  </testcase> <!-- @AfterTest TestFir06stRunCompareLogFileTest -->
  <testcase name="TestFir01stInitTestData" time="0.0" classname="test00.yueni.ios.base.Test00AutoTestBase">
    <skipped/>
  </testcase> <!-- TestFir01stInitTestData -->
  <testcase name="TestFir02stInitTestApp" time="0.0" classname="test00.yueni.ios.base.Test00AutoTestBase">
    <skipped/>
  </testcase> <!-- TestFir02stInitTestApp -->
  <testcase name="TestFir01stClickExperience" time="0.0" classname="test05.yueni.ios.myprofile.Test05MyProfilePage">
    <skipped/>
  </testcase> <!-- TestFir01stClickExperience -->
  <testcase name="TestFir02stClickSetMyAddress" time="0.0" classname="test05.yueni.ios.myprofile.Test05MyProfilePage">
    <skipped/>
  </testcase> <!-- TestFir02stClickSetMyAddress -->
  <testcase name="TestFir03stClickBandingNum" time="0.0" classname="test05.yueni.ios.myprofile.Test05MyProfilePage">
    <skipped/>
  </testcase> <!-- TestFir03stClickBandingNum -->
  <testcase name="TestFir04stClickMenstruationAssistant" time="0.001" classname="test05.yueni.ios.myprofile.Test05MyProfilePage">
    <skipped/>
  </testcase> <!-- TestFir04stClickMenstruationAssistant -->
  <testcase name="TestFir05stClickMySubscribe" time="0.001" classname="test05.yueni.ios.myprofile.Test05MyProfilePage">
    <skipped/>
  </testcase> <!-- TestFir05stClickMySubscribe -->
  <testcase name="TestFir06stClickMyCollection" time="0.0" classname="test05.yueni.ios.myprofile.Test05MyProfilePage">
    <skipped/>
  </testcase> <!-- TestFir06stClickMyCollection -->
  <testcase name="TestFir07stClickBindSocailPlatform" time="0.0" classname="test05.yueni.ios.myprofile.Test05MyProfilePage">
    <skipped/>
  </testcase> <!-- TestFir07stClickBindSocailPlatform -->
  <testcase name="TestFir08stClickSystemSettingPage" time="0.0" classname="test05.yueni.ios.myprofile.Test05MyProfilePage">
    <skipped/>
  </testcase> <!-- TestFir08stClickSystemSettingPage -->
  <testcase name="TestFir01stClickLookUserPhoto" time="0.0" classname="test05.yueni.ios.myprofile.Test06UserCenterPage">
    <skipped/>
  </testcase> <!-- TestFir01stClickLookUserPhoto -->
  <testcase name="TestFir02stClickEveryDaySign" time="0.001" classname="test05.yueni.ios.myprofile.Test06UserCenterPage">
    <skipped/>
  </testcase> <!-- TestFir02stClickEveryDaySign -->
  <testcase name="TestFir03stClickAttentionButton" time="0.0" classname="test05.yueni.ios.myprofile.Test06UserCenterPage">
    <skipped/>
  </testcase> <!-- TestFir03stClickAttentionButton -->
  <testcase name="TestFir04stClickFollowerButton" time="0.0" classname="test05.yueni.ios.myprofile.Test06UserCenterPage">
    <skipped/>
  </testcase> <!-- TestFir04stClickFollowerButton -->
  <testcase name="TestFir05stClickPostButton" time="0.001" classname="test05.yueni.ios.myprofile.Test06UserCenterPage">
    <skipped/>
  </testcase> <!-- TestFir05stClickPostButton -->
  <testcase name="TestFir06stClickEditUserInfoButton" time="0.0" classname="test05.yueni.ios.myprofile.Test06UserCenterPage">
    <skipped/>
  </testcase> <!-- TestFir06stClickEditUserInfoButton -->
  <testcase name="TestFir07stClickOpenUserCenterPage" time="0.001" classname="test05.yueni.ios.myprofile.Test06UserCenterPage">
    <skipped/>
  </testcase> <!-- TestFir07stClickOpenUserCenterPage -->
  <testcase name="TestFir08stClickUserCenterAttentionButton" time="0.0" classname="test05.yueni.ios.myprofile.Test06UserCenterPage">
    <skipped/>
  </testcase> <!-- TestFir08stClickUserCenterAttentionButton -->
  <testcase name="TestFir09stClickUserCenterFollowerButton" time="0.0" classname="test05.yueni.ios.myprofile.Test06UserCenterPage">
    <skipped/>
  </testcase> <!-- TestFir09stClickUserCenterFollowerButton -->
  <testcase name="TestFir10stClickUserCenterEditUserInfoButton" time="0.001" classname="test05.yueni.ios.myprofile.Test06UserCenterPage">
    <skipped/>
  </testcase> <!-- TestFir10stClickUserCenterEditUserInfoButton -->
  <testcase name="TestFir01stClickEditUserInfo" time="0.0" classname="test05.yueni.ios.myprofile.Test07SystemSettingPage">
    <skipped/>
  </testcase> <!-- TestFir01stClickEditUserInfo -->
  <testcase name="TestFir02stClickModifyUserPassword" time="0.0" classname="test05.yueni.ios.myprofile.Test07SystemSettingPage">
    <skipped/>
  </testcase> <!-- TestFir02stClickModifyUserPassword -->
  <testcase name="TestFir03stClickModifyUserPassword" time="0.0" classname="test05.yueni.ios.myprofile.Test07SystemSettingPage">
    <skipped/>
  </testcase> <!-- TestFir03stClickModifyUserPassword -->
  <testcase name="TestFir04stClickOpenMessageCenterSet" time="0.0" classname="test05.yueni.ios.myprofile.Test07SystemSettingPage">
    <skipped/>
  </testcase> <!-- TestFir04stClickOpenMessageCenterSet -->
  <testcase name="TestFir05stClickImageQualitySetting" time="0.0" classname="test05.yueni.ios.myprofile.Test07SystemSettingPage">
    <skipped/>
  </testcase> <!-- TestFir05stClickImageQualitySetting -->
  <testcase name="TestFir06stClickCleanCacheData" time="0.001" classname="test05.yueni.ios.myprofile.Test07SystemSettingPage">
    <skipped/>
  </testcase> <!-- TestFir06stClickCleanCacheData -->
  <testcase name="TestFir07stClickOpenCHASKINSkill" time="0.0" classname="test05.yueni.ios.myprofile.Test07SystemSettingPage">
    <skipped/>
  </testcase> <!-- TestFir07stClickOpenCHASKINSkill -->
  <testcase name="TestFir08stClickOpenFeedback" time="0.0" classname="test05.yueni.ios.myprofile.Test07SystemSettingPage">
    <skipped/>
  </testcase> <!-- TestFir08stClickOpenFeedback -->
  <testcase name="TestFir09stClickOpenFeedback" time="0.001" classname="test05.yueni.ios.myprofile.Test07SystemSettingPage">
    <skipped/>
  </testcase> <!-- TestFir09stClickOpenFeedback -->
  <testcase name="TestFir10stClickOpenAboutUs" time="0.0" classname="test05.yueni.ios.myprofile.Test07SystemSettingPage">
    <skipped/>
  </testcase> <!-- TestFir10stClickOpenAboutUs -->
  <testcase name="TestFir11stClickShareAppToFriend" time="0.0" classname="test05.yueni.ios.myprofile.Test07SystemSettingPage">
    <skipped/>
  </testcase> <!-- TestFir11stClickShareAppToFriend -->
  <testcase name="TestFir12stClickUserExitLogout" time="0.001" classname="test05.yueni.ios.myprofile.Test07SystemSettingPage">
    <skipped/>
  </testcase> <!-- TestFir12stClickUserExitLogout -->
  <testcase name="TestFir01stClickUserRegisterButton" time="0.0" classname="test05.yueni.ios.myprofile.Test08UserLoginPage">
    <skipped/>
  </testcase> <!-- TestFir01stClickUserRegisterButton -->
  <testcase name="TestFir02stClickUserForgetPassword" time="0.0" classname="test05.yueni.ios.myprofile.Test08UserLoginPage">
    <skipped/>
  </testcase> <!-- TestFir02stClickUserForgetPassword -->
  <testcase name="TestFir03stClickUserLoginButton" time="0.0" classname="test05.yueni.ios.myprofile.Test08UserLoginPage">
    <skipped/>
  </testcase> <!-- TestFir03stClickUserLoginButton -->
  <testcase name="TestFir01stCommitUserRegister" time="0.001" classname="test05.yueni.ios.myprofile.Test10ForgetPasswordPage">
    <skipped/>
  </testcase> <!-- TestFir01stCommitUserRegister -->
  <testcase name="TestFir02stClickLoginButton" time="0.001" classname="test05.yueni.ios.myprofile.Test10ForgetPasswordPage">
    <skipped/>
  </testcase> <!-- TestFir02stClickLoginButton -->
  <testcase name="TestFir01stAddReceivingAddress" time="0.002" classname="test05.yueni.ios.myprofile.Test11ReceiveAddressPage">
    <skipped/>
  </testcase> <!-- TestFir01stAddReceivingAddress -->
  <testcase name="TestFir02stEditReceivingAddress" time="0.001" classname="test05.yueni.ios.myprofile.Test11ReceiveAddressPage">
    <skipped/>
  </testcase> <!-- TestFir02stEditReceivingAddress -->
  <testcase name="TestFir01stSetMenstruationAssitant" time="0.0" classname="test05.yueni.ios.myprofile.Test12MenstruationAssistantPage">
    <skipped/>
  </testcase> <!-- TestFir01stSetMenstruationAssitant -->
  <testcase name="TestFir02stClickModifyMenstruationPara" time="0.001" classname="test05.yueni.ios.myprofile.Test12MenstruationAssistantPage">
    <skipped/>
  </testcase> <!-- TestFir02stClickModifyMenstruationPara -->
  <testcase name="TestFir03stOpenMenstruationCalendar" time="0.0" classname="test05.yueni.ios.myprofile.Test12MenstruationAssistantPage">
    <skipped/>
  </testcase> <!-- TestFir03stOpenMenstruationCalendar -->
  <testcase name="TestFir04stClickMenstruationAnalysis" time="0.001" classname="test05.yueni.ios.myprofile.Test12MenstruationAssistantPage">
    <skipped/>
  </testcase> <!-- TestFir04stClickMenstruationAnalysis -->
  <testcase name="TestFir05stBrowseMenstruation" time="0.0" classname="test05.yueni.ios.myprofile.Test12MenstruationAssistantPage">
    <skipped/>
  </testcase> <!-- TestFir05stBrowseMenstruation -->
  <testcase name="TestFir06stClickBackNowMonth" time="0.0" classname="test05.yueni.ios.myprofile.Test12MenstruationAssistantPage">
    <skipped/>
  </testcase> <!-- TestFir06stClickBackNowMonth -->
  <testcase name="TestFir07stClickUpdateMenstruationCalendar" time="0.0" classname="test05.yueni.ios.myprofile.Test12MenstruationAssistantPage">
    <skipped/>
  </testcase> <!-- TestFir07stClickUpdateMenstruationCalendar -->
  <testcase name="TestFir01stOpenUserCenterPostDetail" time="0.001" classname="test05.yueni.ios.myprofile.Test13UserPostCenterPage">
    <skipped/>
  </testcase> <!-- TestFir01stOpenUserCenterPostDetail -->
  <testcase name="TestFir02stClickPostUserNickName" time="0.0" classname="test05.yueni.ios.myprofile.Test13UserPostCenterPage">
    <skipped/>
  </testcase> <!-- TestFir02stClickPostUserNickName -->
  <testcase name="TestFir03stClickBrowePostImages" time="0.0" classname="test05.yueni.ios.myprofile.Test13UserPostCenterPage">
    <skipped/>
  </testcase> <!-- TestFir03stClickBrowePostImages -->
  <testcase name="TestFir04stClickBrowePostTag" time="0.0" classname="test05.yueni.ios.myprofile.Test13UserPostCenterPage">
    <skipped/>
  </testcase> <!-- TestFir04stClickBrowePostTag -->
  <testcase name="TestFir05stClickPostCommentButton" time="0.0" classname="test05.yueni.ios.myprofile.Test13UserPostCenterPage">
    <skipped/>
  </testcase> <!-- TestFir05stClickPostCommentButton -->
  <testcase name="TestFir06stClickPostLikeButton" time="0.0" classname="test05.yueni.ios.myprofile.Test13UserPostCenterPage">
    <skipped/>
  </testcase> <!-- TestFir06stClickPostLikeButton -->
  <testcase name="TestFir07stClickPostShareButton" time="0.0" classname="test05.yueni.ios.myprofile.Test13UserPostCenterPage">
    <skipped/>
  </testcase> <!-- TestFir07stClickPostShareButton -->
  <testcase name="TestFir08stClickPostShareButton" time="0.0" classname="test05.yueni.ios.myprofile.Test13UserPostCenterPage">
    <skipped/>
  </testcase> <!-- TestFir08stClickPostShareButton -->
  <testcase name="TestFir01stClickModifyUserFace" time="0.0" classname="test05.yueni.ios.myprofile.Test14EditUserInfoPage">
    <skipped/>
  </testcase> <!-- TestFir01stClickModifyUserFace -->
  <testcase name="TestFir02stClickModifyUserFace" time="0.001" classname="test05.yueni.ios.myprofile.Test14EditUserInfoPage">
    <skipped/>
  </testcase> <!-- TestFir02stClickModifyUserFace -->
  <testcase name="TestFir03stClickModifyUserSex" time="0.0" classname="test05.yueni.ios.myprofile.Test14EditUserInfoPage">
    <skipped/>
  </testcase> <!-- TestFir03stClickModifyUserSex -->
  <testcase name="TestFir04stClickModifyUserSignature" time="0.0" classname="test05.yueni.ios.myprofile.Test14EditUserInfoPage">
    <skipped/>
  </testcase> <!-- TestFir04stClickModifyUserSignature -->
  <testcase name="TestFir01stClickPostShareButton" time="0.0" classname="test05.yueni.ios.myprofile.Test15UserPostCollectionPage">
    <skipped/>
  </testcase> <!-- TestFir01stClickPostShareButton -->
  <testcase name="TestFir02stClickPostUserNickName" time="0.0" classname="test05.yueni.ios.myprofile.Test15UserPostCollectionPage">
    <skipped/>
  </testcase> <!-- TestFir02stClickPostUserNickName -->
  <testcase name="TestFir03stClickBrowePostImages" time="0.0" classname="test05.yueni.ios.myprofile.Test15UserPostCollectionPage">
    <skipped/>
  </testcase> <!-- TestFir03stClickBrowePostImages -->
  <testcase name="TestFir04stClickBrowePostTag" time="0.0" classname="test05.yueni.ios.myprofile.Test15UserPostCollectionPage">
    <skipped/>
  </testcase> <!-- TestFir04stClickBrowePostTag -->
  <testcase name="TestFir05stClickPostCommentButton" time="0.0" classname="test05.yueni.ios.myprofile.Test15UserPostCollectionPage">
    <skipped/>
  </testcase> <!-- TestFir05stClickPostCommentButton -->
  <testcase name="TestFir06stClickPostLikeButton" time="0.0" classname="test05.yueni.ios.myprofile.Test15UserPostCollectionPage">
    <skipped/>
  </testcase> <!-- TestFir06stClickPostLikeButton -->
  <testcase name="TestFir07stClickPostShareButton" time="0.001" classname="test05.yueni.ios.myprofile.Test15UserPostCollectionPage">
    <skipped/>
  </testcase> <!-- TestFir07stClickPostShareButton -->
  <testcase name="TestFir08stClickCancleCollectionButton" time="0.0" classname="test05.yueni.ios.myprofile.Test15UserPostCollectionPage">
    <skipped/>
  </testcase> <!-- TestFir08stClickCancleCollectionButton -->
  <testcase name="TestFir09stClickCancleShareButton" time="0.0" classname="test05.yueni.ios.myprofile.Test15UserPostCollectionPage">
    <skipped/>
  </testcase> <!-- TestFir09stClickCancleShareButton -->
  <testcase name="TestFir01stClickUserLabelSubscriptionList" time="0.0" classname="test05.yueni.ios.myprofile.Test16UserLableSubscriptionPage">
    <skipped/>
  </testcase> <!-- TestFir01stClickUserLabelSubscriptionList -->
  <testcase name="TestFir02stClickCancleLabelSubscription" time="0.001" classname="test05.yueni.ios.myprofile.Test16UserLableSubscriptionPage">
    <skipped/>
  </testcase> <!-- TestFir02stClickCancleLabelSubscription -->
  <testcase name="TestFir03stClickLabelSubscriptionButton" time="0.0" classname="test05.yueni.ios.myprofile.Test16UserLableSubscriptionPage">
    <skipped/>
  </testcase> <!-- TestFir03stClickLabelSubscriptionButton -->
  <testcase name="TestFir04stClickLabelSubscriptionShareButton" time="0.001" classname="test05.yueni.ios.myprofile.Test16UserLableSubscriptionPage">
    <skipped/>
  </testcase> <!-- TestFir04stClickLabelSubscriptionShareButton -->
</testsuite> <!-- ChinaSkinAllTestCase -->
