<?xml version="1.0" encoding="UTF-8"?>
<!-- Generated by org.testng.reporters.JUnitXMLReporter -->
<testsuite hostname="chinaskindeiMac.local" name="AllTest_02_OtherFunctionalPage" tests="28" failures="0" timestamp="12 May 2016 06:50:07 GMT" time="300.623" errors="0">
  <testcase name="TestFir01stInputMobileIphoneNum" time="9.236" classname="test10.yueni.android.myprofile.Test10ForgetPasswordPage"/>
  <testcase name="TestFir02stInputverificationCode" time="7.022" classname="test10.yueni.android.myprofile.Test10ForgetPasswordPage"/>
  <testcase name="TestFir03stInputUserPwd" time="16.216" classname="test10.yueni.android.myprofile.Test10ForgetPasswordPage"/>
  <testcase name="TestFir04stClickLoginButton" time="18.841" classname="test10.yueni.android.myprofile.Test10ForgetPasswordPage"/>
  <testcase name="TestFir01stAddReceivingAddress" time="8.412" classname="test10.yueni.android.myprofile.Test11ReceiveAddressPage"/>
  <testcase name="TestFir02stEditReceivingAddress" time="36.813" classname="test10.yueni.android.myprofile.Test11ReceiveAddressPage"/>
  <testcase name="TestFir01stClickSetInitMenstruationPara" time="5.527" classname="test10.yueni.android.myprofile.Test12MenstruationAssistantPage"/>
  <testcase name="TestFir02stClickOpenMenstruationCalendar" time="5.072" classname="test10.yueni.android.myprofile.Test12MenstruationAssistantPage"/>
  <testcase name="TestFir03stClickModifyMenstruationPara" time="3.93" classname="test10.yueni.android.myprofile.Test12MenstruationAssistantPage"/>
  <testcase name="TestFir04stOpenMenstruationCalendar" time="0.332" classname="test10.yueni.android.myprofile.Test12MenstruationAssistantPage"/>
  <testcase name="TestFir05stClickMenstruationAnalysis" time="4.477" classname="test10.yueni.android.myprofile.Test12MenstruationAssistantPage"/>
  <testcase name="TestFir06stBrowseMenstruation" time="0.161" classname="test10.yueni.android.myprofile.Test12MenstruationAssistantPage"/>
  <testcase name="TestFir07stClickBackNowMonth" time="0.829" classname="test10.yueni.android.myprofile.Test12MenstruationAssistantPage"/>
  <testcase name="TestFir08stClickUpdateMenstruationCalendar" time="1.844" classname="test10.yueni.android.myprofile.Test12MenstruationAssistantPage"/>
  <testcase name="TestFir01stClickModifyUserFace" time="0.856" classname="test10.yueni.android.myprofile.Test14EditUserInfoPage"/>
  <testcase name="TestFir02stClickModifyUserFace" time="1.435" classname="test10.yueni.android.myprofile.Test14EditUserInfoPage"/>
  <testcase name="TestFir03stClickAnPhotoFromUserAlbum" time="1.743" classname="test10.yueni.android.myprofile.Test14EditUserInfoPage"/>
  <testcase name="TestFir04stClickAfterSelectPhotoToClickNext" time="2.442" classname="test10.yueni.android.myprofile.Test14EditUserInfoPage"/>
  <testcase name="TestFir05stClickModifyUserNickName" time="16.727" classname="test10.yueni.android.myprofile.Test14EditUserInfoPage"/>
  <testcase name="TestFir06stClickModifyUserSex" time="1.215" classname="test10.yueni.android.myprofile.Test14EditUserInfoPage"/>
  <testcase name="TestFir07stClickModifyUserSignature" time="9.991" classname="test10.yueni.android.myprofile.Test14EditUserInfoPage"/>
  <testcase name="TestFir08stClickModifyUserAddress" time="1.213" classname="test10.yueni.android.myprofile.Test14EditUserInfoPage"/>
  <testcase name="TestFir01stClickMobileRegisterButton" time="8.397" classname="test10.yueni.android.myprofile.Test09UserRegisterPage"/>
  <testcase name="TestFir02stClickGetVerificationCode" time="28.035" classname="test10.yueni.android.myprofile.Test09UserRegisterPage"/>
  <testcase name="TestFir03stClickSelectUserFace" time="0.426" classname="test10.yueni.android.myprofile.Test09UserRegisterPage"/>
  <testcase name="TestFir05stClickSelectAnPhoto" time="1.399" classname="test10.yueni.android.myprofile.Test09UserRegisterPage"/>
  <testcase name="TestFir06stClickAfterSelectPhotoToClickNext" time="2.274" classname="test10.yueni.android.myprofile.Test09UserRegisterPage"/>
  <testcase name="TestFir07stClickSaveUserRigister" time="14.939" classname="test10.yueni.android.myprofile.Test09UserRegisterPage"/>
</testsuite> <!-- AllTest_02_OtherFunctionalPage -->
