<?xml version="1.0" encoding="UTF-8"?>
<!-- Generated by org.testng.reporters.JUnitXMLReporter -->
<testsuite hostname="chinaskindeiMac.local" name="AllTest_01" tests="36" failures="16" timestamp="9 May 2016 08:54:26 GMT" time="396.927" errors="0">
  <testcase name="@AfterMethod afterMethod" time="0.0" classname="test10.yueni.android.myprofile.Test07SystemSettingPage">
    <failure type="org.openqa.selenium.remote.SessionNotFoundException" message="
Command duration or timeout: 5 milliseconds
Build info: version: &amp;apos;2.42.2&amp;apos;, revision: &amp;apos;6a6995d31c7c56c340d6f45a76976d43506cd6cc&amp;apos;, time: &amp;apos;2014-06-03 10:52:47&amp;apos;
System info: host: &amp;apos;chinaskindeiMac.local&amp;apos;, ip: &amp;apos;192.168.145.165&amp;apos;, os.name: &amp;apos;Mac OS X&amp;apos;, os.arch: &amp;apos;x86_64&amp;apos;, os.version: &amp;apos;10.11.3&amp;apos;, java.version: &amp;apos;1.8.0_51&amp;apos;
Driver info: io.appium.java_client.android.AndroidDriver
Capabilities [{app=/Users/chinaskin/Desktop/yueniapp-YN_TEST-x86-debug.apk, networkConnectionEnabled=true, noReset=true, warnings={}, app-package=null, app-activity=null, databaseEnabled=false, deviceName=emulator-5554, platform=LINUX, desired={app=/Users/chinaskin/Desktop/yueniapp-YN_TEST-x86-debug.apk, noReset=true, platformVersion=4.4, app-package=null, app-activity=null, unicodeKeyboard=true, platformName=Android, deviceName=emulator-5554, resetKeyboard=true}, platformVersion=6.0, webStorageEnabled=false, locationContextEnabled=false, browserName=Android, takesScreenshot=true, javascriptEnabled=true, unicodeKeyboard=true, platformName=Android, resetKeyboard=true}]
Session ID: ec9cde02-575b-4ac3-b06e-bb9bf347e975">
      <![CDATA[org.openqa.selenium.remote.SessionNotFoundException: 
Command duration or timeout: 5 milliseconds
Build info: version: '2.42.2', revision: '6a6995d31c7c56c340d6f45a76976d43506cd6cc', time: '2014-06-03 10:52:47'
System info: host: 'chinaskindeiMac.local', ip: '192.168.145.165', os.name: 'Mac OS X', os.arch: 'x86_64', os.version: '10.11.3', java.version: '1.8.0_51'
Driver info: io.appium.java_client.android.AndroidDriver
Capabilities [{app=/Users/chinaskin/Desktop/yueniapp-YN_TEST-x86-debug.apk, networkConnectionEnabled=true, noReset=true, warnings={}, app-package=null, app-activity=null, databaseEnabled=false, deviceName=emulator-5554, platform=LINUX, desired={app=/Users/chinaskin/Desktop/yueniapp-YN_TEST-x86-debug.apk, noReset=true, platformVersion=4.4, app-package=null, app-activity=null, unicodeKeyboard=true, platformName=Android, deviceName=emulator-5554, resetKeyboard=true}, platformVersion=6.0, webStorageEnabled=false, locationContextEnabled=false, browserName=Android, takesScreenshot=true, javascriptEnabled=true, unicodeKeyboard=true, platformName=Android, resetKeyboard=true}]
Session ID: ec9cde02-575b-4ac3-b06e-bb9bf347e975
	at org.openqa.selenium.remote.ErrorHandler.createThrowable(ErrorHandler.java:204)
	at org.openqa.selenium.remote.ErrorHandler.throwIfResponseFailed(ErrorHandler.java:162)
	at org.openqa.selenium.remote.RemoteWebDriver.execute(RemoteWebDriver.java:599)
	at io.appium.java_client.AppiumDriver.execute(AppiumDriver.java:180)
	at io.appium.java_client.AppiumDriver.execute(AppiumDriver.java:185)
	at org.openqa.selenium.remote.RemoteWebDriver.getScreenshotAs(RemoteWebDriver.java:324)
	at net.wanghaifeng.com.PublicStaticMethod.captureScreenShot(PublicStaticMethod.java:133)
	at net.wanghaifeng.com.TestDriverAndroid.afterMethod(TestDriverAndroid.java:112)
... Removed 29 stack frames]]>
    </failure>
  </testcase> <!-- @AfterMethod afterMethod -->
  <testcase name="@AfterMethod afterMethod" time="0.0" classname="test10.yueni.android.myprofile.Test07SystemSettingPage">
    <failure type="org.openqa.selenium.remote.SessionNotFoundException" message="
Command duration or timeout: 5 milliseconds
Build info: version: &amp;apos;2.42.2&amp;apos;, revision: &amp;apos;6a6995d31c7c56c340d6f45a76976d43506cd6cc&amp;apos;, time: &amp;apos;2014-06-03 10:52:47&amp;apos;
System info: host: &amp;apos;chinaskindeiMac.local&amp;apos;, ip: &amp;apos;192.168.145.165&amp;apos;, os.name: &amp;apos;Mac OS X&amp;apos;, os.arch: &amp;apos;x86_64&amp;apos;, os.version: &amp;apos;10.11.3&amp;apos;, java.version: &amp;apos;1.8.0_51&amp;apos;
Driver info: io.appium.java_client.android.AndroidDriver
Capabilities [{app=/Users/chinaskin/Desktop/yueniapp-YN_TEST-x86-debug.apk, networkConnectionEnabled=true, noReset=true, warnings={}, app-package=null, app-activity=null, databaseEnabled=false, deviceName=emulator-5554, platform=LINUX, desired={app=/Users/chinaskin/Desktop/yueniapp-YN_TEST-x86-debug.apk, noReset=true, platformVersion=4.4, app-package=null, app-activity=null, unicodeKeyboard=true, platformName=Android, deviceName=emulator-5554, resetKeyboard=true}, platformVersion=6.0, webStorageEnabled=false, locationContextEnabled=false, browserName=Android, takesScreenshot=true, javascriptEnabled=true, unicodeKeyboard=true, platformName=Android, resetKeyboard=true}]
Session ID: ec9cde02-575b-4ac3-b06e-bb9bf347e975">
      <![CDATA[org.openqa.selenium.remote.SessionNotFoundException: 
Command duration or timeout: 5 milliseconds
Build info: version: '2.42.2', revision: '6a6995d31c7c56c340d6f45a76976d43506cd6cc', time: '2014-06-03 10:52:47'
System info: host: 'chinaskindeiMac.local', ip: '192.168.145.165', os.name: 'Mac OS X', os.arch: 'x86_64', os.version: '10.11.3', java.version: '1.8.0_51'
Driver info: io.appium.java_client.android.AndroidDriver
Capabilities [{app=/Users/chinaskin/Desktop/yueniapp-YN_TEST-x86-debug.apk, networkConnectionEnabled=true, noReset=true, warnings={}, app-package=null, app-activity=null, databaseEnabled=false, deviceName=emulator-5554, platform=LINUX, desired={app=/Users/chinaskin/Desktop/yueniapp-YN_TEST-x86-debug.apk, noReset=true, platformVersion=4.4, app-package=null, app-activity=null, unicodeKeyboard=true, platformName=Android, deviceName=emulator-5554, resetKeyboard=true}, platformVersion=6.0, webStorageEnabled=false, locationContextEnabled=false, browserName=Android, takesScreenshot=true, javascriptEnabled=true, unicodeKeyboard=true, platformName=Android, resetKeyboard=true}]
Session ID: ec9cde02-575b-4ac3-b06e-bb9bf347e975
	at org.openqa.selenium.remote.ErrorHandler.createThrowable(ErrorHandler.java:204)
	at org.openqa.selenium.remote.ErrorHandler.throwIfResponseFailed(ErrorHandler.java:162)
	at org.openqa.selenium.remote.RemoteWebDriver.execute(RemoteWebDriver.java:599)
	at io.appium.java_client.AppiumDriver.execute(AppiumDriver.java:180)
	at io.appium.java_client.AppiumDriver.execute(AppiumDriver.java:185)
	at org.openqa.selenium.remote.RemoteWebDriver.getScreenshotAs(RemoteWebDriver.java:324)
	at net.wanghaifeng.com.PublicStaticMethod.captureScreenShot(PublicStaticMethod.java:133)
	at net.wanghaifeng.com.TestDriverAndroid.afterMethod(TestDriverAndroid.java:112)
... Removed 29 stack frames]]>
    </failure>
  </testcase> <!-- @AfterMethod afterMethod -->
  <testcase name="@AfterMethod afterMethod" time="0.0" classname="test10.yueni.android.myprofile.Test07SystemSettingPage">
    <failure type="org.openqa.selenium.remote.SessionNotFoundException" message="
Command duration or timeout: 3 milliseconds
Build info: version: &amp;apos;2.42.2&amp;apos;, revision: &amp;apos;6a6995d31c7c56c340d6f45a76976d43506cd6cc&amp;apos;, time: &amp;apos;2014-06-03 10:52:47&amp;apos;
System info: host: &amp;apos;chinaskindeiMac.local&amp;apos;, ip: &amp;apos;192.168.145.165&amp;apos;, os.name: &amp;apos;Mac OS X&amp;apos;, os.arch: &amp;apos;x86_64&amp;apos;, os.version: &amp;apos;10.11.3&amp;apos;, java.version: &amp;apos;1.8.0_51&amp;apos;
Driver info: io.appium.java_client.android.AndroidDriver
Capabilities [{app=/Users/chinaskin/Desktop/yueniapp-YN_TEST-x86-debug.apk, networkConnectionEnabled=true, noReset=true, warnings={}, app-package=null, app-activity=null, databaseEnabled=false, deviceName=emulator-5554, platform=LINUX, desired={app=/Users/chinaskin/Desktop/yueniapp-YN_TEST-x86-debug.apk, noReset=true, platformVersion=4.4, app-package=null, app-activity=null, unicodeKeyboard=true, platformName=Android, deviceName=emulator-5554, resetKeyboard=true}, platformVersion=6.0, webStorageEnabled=false, locationContextEnabled=false, browserName=Android, takesScreenshot=true, javascriptEnabled=true, unicodeKeyboard=true, platformName=Android, resetKeyboard=true}]
Session ID: ec9cde02-575b-4ac3-b06e-bb9bf347e975">
      <![CDATA[org.openqa.selenium.remote.SessionNotFoundException: 
Command duration or timeout: 3 milliseconds
Build info: version: '2.42.2', revision: '6a6995d31c7c56c340d6f45a76976d43506cd6cc', time: '2014-06-03 10:52:47'
System info: host: 'chinaskindeiMac.local', ip: '192.168.145.165', os.name: 'Mac OS X', os.arch: 'x86_64', os.version: '10.11.3', java.version: '1.8.0_51'
Driver info: io.appium.java_client.android.AndroidDriver
Capabilities [{app=/Users/chinaskin/Desktop/yueniapp-YN_TEST-x86-debug.apk, networkConnectionEnabled=true, noReset=true, warnings={}, app-package=null, app-activity=null, databaseEnabled=false, deviceName=emulator-5554, platform=LINUX, desired={app=/Users/chinaskin/Desktop/yueniapp-YN_TEST-x86-debug.apk, noReset=true, platformVersion=4.4, app-package=null, app-activity=null, unicodeKeyboard=true, platformName=Android, deviceName=emulator-5554, resetKeyboard=true}, platformVersion=6.0, webStorageEnabled=false, locationContextEnabled=false, browserName=Android, takesScreenshot=true, javascriptEnabled=true, unicodeKeyboard=true, platformName=Android, resetKeyboard=true}]
Session ID: ec9cde02-575b-4ac3-b06e-bb9bf347e975
	at org.openqa.selenium.remote.ErrorHandler.createThrowable(ErrorHandler.java:204)
	at org.openqa.selenium.remote.ErrorHandler.throwIfResponseFailed(ErrorHandler.java:162)
	at org.openqa.selenium.remote.RemoteWebDriver.execute(RemoteWebDriver.java:599)
	at io.appium.java_client.AppiumDriver.execute(AppiumDriver.java:180)
	at io.appium.java_client.AppiumDriver.execute(AppiumDriver.java:185)
	at org.openqa.selenium.remote.RemoteWebDriver.getScreenshotAs(RemoteWebDriver.java:324)
	at net.wanghaifeng.com.PublicStaticMethod.captureScreenShot(PublicStaticMethod.java:133)
	at net.wanghaifeng.com.TestDriverAndroid.afterMethod(TestDriverAndroid.java:112)
... Removed 29 stack frames]]>
    </failure>
  </testcase> <!-- @AfterMethod afterMethod -->
  <testcase name="@AfterMethod afterMethod" time="0.0" classname="test10.yueni.android.myprofile.Test07SystemSettingPage">
    <failure type="org.openqa.selenium.remote.SessionNotFoundException" message="
Command duration or timeout: 4 milliseconds
Build info: version: &amp;apos;2.42.2&amp;apos;, revision: &amp;apos;6a6995d31c7c56c340d6f45a76976d43506cd6cc&amp;apos;, time: &amp;apos;2014-06-03 10:52:47&amp;apos;
System info: host: &amp;apos;chinaskindeiMac.local&amp;apos;, ip: &amp;apos;192.168.145.165&amp;apos;, os.name: &amp;apos;Mac OS X&amp;apos;, os.arch: &amp;apos;x86_64&amp;apos;, os.version: &amp;apos;10.11.3&amp;apos;, java.version: &amp;apos;1.8.0_51&amp;apos;
Driver info: io.appium.java_client.android.AndroidDriver
Capabilities [{app=/Users/chinaskin/Desktop/yueniapp-YN_TEST-x86-debug.apk, networkConnectionEnabled=true, noReset=true, warnings={}, app-package=null, app-activity=null, databaseEnabled=false, deviceName=emulator-5554, platform=LINUX, desired={app=/Users/chinaskin/Desktop/yueniapp-YN_TEST-x86-debug.apk, noReset=true, platformVersion=4.4, app-package=null, app-activity=null, unicodeKeyboard=true, platformName=Android, deviceName=emulator-5554, resetKeyboard=true}, platformVersion=6.0, webStorageEnabled=false, locationContextEnabled=false, browserName=Android, takesScreenshot=true, javascriptEnabled=true, unicodeKeyboard=true, platformName=Android, resetKeyboard=true}]
Session ID: ec9cde02-575b-4ac3-b06e-bb9bf347e975">
      <![CDATA[org.openqa.selenium.remote.SessionNotFoundException: 
Command duration or timeout: 4 milliseconds
Build info: version: '2.42.2', revision: '6a6995d31c7c56c340d6f45a76976d43506cd6cc', time: '2014-06-03 10:52:47'
System info: host: 'chinaskindeiMac.local', ip: '192.168.145.165', os.name: 'Mac OS X', os.arch: 'x86_64', os.version: '10.11.3', java.version: '1.8.0_51'
Driver info: io.appium.java_client.android.AndroidDriver
Capabilities [{app=/Users/chinaskin/Desktop/yueniapp-YN_TEST-x86-debug.apk, networkConnectionEnabled=true, noReset=true, warnings={}, app-package=null, app-activity=null, databaseEnabled=false, deviceName=emulator-5554, platform=LINUX, desired={app=/Users/chinaskin/Desktop/yueniapp-YN_TEST-x86-debug.apk, noReset=true, platformVersion=4.4, app-package=null, app-activity=null, unicodeKeyboard=true, platformName=Android, deviceName=emulator-5554, resetKeyboard=true}, platformVersion=6.0, webStorageEnabled=false, locationContextEnabled=false, browserName=Android, takesScreenshot=true, javascriptEnabled=true, unicodeKeyboard=true, platformName=Android, resetKeyboard=true}]
Session ID: ec9cde02-575b-4ac3-b06e-bb9bf347e975
	at org.openqa.selenium.remote.ErrorHandler.createThrowable(ErrorHandler.java:204)
	at org.openqa.selenium.remote.ErrorHandler.throwIfResponseFailed(ErrorHandler.java:162)
	at org.openqa.selenium.remote.RemoteWebDriver.execute(RemoteWebDriver.java:599)
	at io.appium.java_client.AppiumDriver.execute(AppiumDriver.java:180)
	at io.appium.java_client.AppiumDriver.execute(AppiumDriver.java:185)
	at org.openqa.selenium.remote.RemoteWebDriver.getScreenshotAs(RemoteWebDriver.java:324)
	at net.wanghaifeng.com.PublicStaticMethod.captureScreenShot(PublicStaticMethod.java:133)
	at net.wanghaifeng.com.TestDriverAndroid.afterMethod(TestDriverAndroid.java:112)
... Removed 29 stack frames]]>
    </failure>
  </testcase> <!-- @AfterMethod afterMethod -->
  <testcase name="@AfterMethod afterMethod" time="0.0" classname="test10.yueni.android.myprofile.Test07SystemSettingPage">
    <failure type="org.openqa.selenium.remote.SessionNotFoundException" message="
Command duration or timeout: 3 milliseconds
Build info: version: &amp;apos;2.42.2&amp;apos;, revision: &amp;apos;6a6995d31c7c56c340d6f45a76976d43506cd6cc&amp;apos;, time: &amp;apos;2014-06-03 10:52:47&amp;apos;
System info: host: &amp;apos;chinaskindeiMac.local&amp;apos;, ip: &amp;apos;192.168.145.165&amp;apos;, os.name: &amp;apos;Mac OS X&amp;apos;, os.arch: &amp;apos;x86_64&amp;apos;, os.version: &amp;apos;10.11.3&amp;apos;, java.version: &amp;apos;1.8.0_51&amp;apos;
Driver info: io.appium.java_client.android.AndroidDriver
Capabilities [{app=/Users/chinaskin/Desktop/yueniapp-YN_TEST-x86-debug.apk, networkConnectionEnabled=true, noReset=true, warnings={}, app-package=null, app-activity=null, databaseEnabled=false, deviceName=emulator-5554, platform=LINUX, desired={app=/Users/chinaskin/Desktop/yueniapp-YN_TEST-x86-debug.apk, noReset=true, platformVersion=4.4, app-package=null, app-activity=null, unicodeKeyboard=true, platformName=Android, deviceName=emulator-5554, resetKeyboard=true}, platformVersion=6.0, webStorageEnabled=false, locationContextEnabled=false, browserName=Android, takesScreenshot=true, javascriptEnabled=true, unicodeKeyboard=true, platformName=Android, resetKeyboard=true}]
Session ID: ec9cde02-575b-4ac3-b06e-bb9bf347e975">
      <![CDATA[org.openqa.selenium.remote.SessionNotFoundException: 
Command duration or timeout: 3 milliseconds
Build info: version: '2.42.2', revision: '6a6995d31c7c56c340d6f45a76976d43506cd6cc', time: '2014-06-03 10:52:47'
System info: host: 'chinaskindeiMac.local', ip: '192.168.145.165', os.name: 'Mac OS X', os.arch: 'x86_64', os.version: '10.11.3', java.version: '1.8.0_51'
Driver info: io.appium.java_client.android.AndroidDriver
Capabilities [{app=/Users/chinaskin/Desktop/yueniapp-YN_TEST-x86-debug.apk, networkConnectionEnabled=true, noReset=true, warnings={}, app-package=null, app-activity=null, databaseEnabled=false, deviceName=emulator-5554, platform=LINUX, desired={app=/Users/chinaskin/Desktop/yueniapp-YN_TEST-x86-debug.apk, noReset=true, platformVersion=4.4, app-package=null, app-activity=null, unicodeKeyboard=true, platformName=Android, deviceName=emulator-5554, resetKeyboard=true}, platformVersion=6.0, webStorageEnabled=false, locationContextEnabled=false, browserName=Android, takesScreenshot=true, javascriptEnabled=true, unicodeKeyboard=true, platformName=Android, resetKeyboard=true}]
Session ID: ec9cde02-575b-4ac3-b06e-bb9bf347e975
	at org.openqa.selenium.remote.ErrorHandler.createThrowable(ErrorHandler.java:204)
	at org.openqa.selenium.remote.ErrorHandler.throwIfResponseFailed(ErrorHandler.java:162)
	at org.openqa.selenium.remote.RemoteWebDriver.execute(RemoteWebDriver.java:599)
	at io.appium.java_client.AppiumDriver.execute(AppiumDriver.java:180)
	at io.appium.java_client.AppiumDriver.execute(AppiumDriver.java:185)
	at org.openqa.selenium.remote.RemoteWebDriver.getScreenshotAs(RemoteWebDriver.java:324)
	at net.wanghaifeng.com.PublicStaticMethod.captureScreenShot(PublicStaticMethod.java:133)
	at net.wanghaifeng.com.TestDriverAndroid.afterMethod(TestDriverAndroid.java:112)
... Removed 29 stack frames]]>
    </failure>
  </testcase> <!-- @AfterMethod afterMethod -->
  <testcase name="@AfterMethod afterMethod" time="0.0" classname="test10.yueni.android.myprofile.Test07SystemSettingPage">
    <failure type="org.openqa.selenium.remote.SessionNotFoundException" message="
Command duration or timeout: 3 milliseconds
Build info: version: &amp;apos;2.42.2&amp;apos;, revision: &amp;apos;6a6995d31c7c56c340d6f45a76976d43506cd6cc&amp;apos;, time: &amp;apos;2014-06-03 10:52:47&amp;apos;
System info: host: &amp;apos;chinaskindeiMac.local&amp;apos;, ip: &amp;apos;192.168.145.165&amp;apos;, os.name: &amp;apos;Mac OS X&amp;apos;, os.arch: &amp;apos;x86_64&amp;apos;, os.version: &amp;apos;10.11.3&amp;apos;, java.version: &amp;apos;1.8.0_51&amp;apos;
Driver info: io.appium.java_client.android.AndroidDriver
Capabilities [{app=/Users/chinaskin/Desktop/yueniapp-YN_TEST-x86-debug.apk, networkConnectionEnabled=true, noReset=true, warnings={}, app-package=null, app-activity=null, databaseEnabled=false, deviceName=emulator-5554, platform=LINUX, desired={app=/Users/chinaskin/Desktop/yueniapp-YN_TEST-x86-debug.apk, noReset=true, platformVersion=4.4, app-package=null, app-activity=null, unicodeKeyboard=true, platformName=Android, deviceName=emulator-5554, resetKeyboard=true}, platformVersion=6.0, webStorageEnabled=false, locationContextEnabled=false, browserName=Android, takesScreenshot=true, javascriptEnabled=true, unicodeKeyboard=true, platformName=Android, resetKeyboard=true}]
Session ID: ec9cde02-575b-4ac3-b06e-bb9bf347e975">
      <![CDATA[org.openqa.selenium.remote.SessionNotFoundException: 
Command duration or timeout: 3 milliseconds
Build info: version: '2.42.2', revision: '6a6995d31c7c56c340d6f45a76976d43506cd6cc', time: '2014-06-03 10:52:47'
System info: host: 'chinaskindeiMac.local', ip: '192.168.145.165', os.name: 'Mac OS X', os.arch: 'x86_64', os.version: '10.11.3', java.version: '1.8.0_51'
Driver info: io.appium.java_client.android.AndroidDriver
Capabilities [{app=/Users/chinaskin/Desktop/yueniapp-YN_TEST-x86-debug.apk, networkConnectionEnabled=true, noReset=true, warnings={}, app-package=null, app-activity=null, databaseEnabled=false, deviceName=emulator-5554, platform=LINUX, desired={app=/Users/chinaskin/Desktop/yueniapp-YN_TEST-x86-debug.apk, noReset=true, platformVersion=4.4, app-package=null, app-activity=null, unicodeKeyboard=true, platformName=Android, deviceName=emulator-5554, resetKeyboard=true}, platformVersion=6.0, webStorageEnabled=false, locationContextEnabled=false, browserName=Android, takesScreenshot=true, javascriptEnabled=true, unicodeKeyboard=true, platformName=Android, resetKeyboard=true}]
Session ID: ec9cde02-575b-4ac3-b06e-bb9bf347e975
	at org.openqa.selenium.remote.ErrorHandler.createThrowable(ErrorHandler.java:204)
	at org.openqa.selenium.remote.ErrorHandler.throwIfResponseFailed(ErrorHandler.java:162)
	at org.openqa.selenium.remote.RemoteWebDriver.execute(RemoteWebDriver.java:599)
	at io.appium.java_client.AppiumDriver.execute(AppiumDriver.java:180)
	at io.appium.java_client.AppiumDriver.execute(AppiumDriver.java:185)
	at org.openqa.selenium.remote.RemoteWebDriver.getScreenshotAs(RemoteWebDriver.java:324)
	at net.wanghaifeng.com.PublicStaticMethod.captureScreenShot(PublicStaticMethod.java:133)
	at net.wanghaifeng.com.TestDriverAndroid.afterMethod(TestDriverAndroid.java:112)
... Removed 29 stack frames]]>
    </failure>
  </testcase> <!-- @AfterMethod afterMethod -->
  <testcase name="@AfterMethod afterMethod" time="0.0" classname="test10.yueni.android.myprofile.Test07SystemSettingPage">
    <failure type="org.openqa.selenium.remote.SessionNotFoundException" message="
Command duration or timeout: 3 milliseconds
Build info: version: &amp;apos;2.42.2&amp;apos;, revision: &amp;apos;6a6995d31c7c56c340d6f45a76976d43506cd6cc&amp;apos;, time: &amp;apos;2014-06-03 10:52:47&amp;apos;
System info: host: &amp;apos;chinaskindeiMac.local&amp;apos;, ip: &amp;apos;192.168.145.165&amp;apos;, os.name: &amp;apos;Mac OS X&amp;apos;, os.arch: &amp;apos;x86_64&amp;apos;, os.version: &amp;apos;10.11.3&amp;apos;, java.version: &amp;apos;1.8.0_51&amp;apos;
Driver info: io.appium.java_client.android.AndroidDriver
Capabilities [{app=/Users/chinaskin/Desktop/yueniapp-YN_TEST-x86-debug.apk, networkConnectionEnabled=true, noReset=true, warnings={}, app-package=null, app-activity=null, databaseEnabled=false, deviceName=emulator-5554, platform=LINUX, desired={app=/Users/chinaskin/Desktop/yueniapp-YN_TEST-x86-debug.apk, noReset=true, platformVersion=4.4, app-package=null, app-activity=null, unicodeKeyboard=true, platformName=Android, deviceName=emulator-5554, resetKeyboard=true}, platformVersion=6.0, webStorageEnabled=false, locationContextEnabled=false, browserName=Android, takesScreenshot=true, javascriptEnabled=true, unicodeKeyboard=true, platformName=Android, resetKeyboard=true}]
Session ID: ec9cde02-575b-4ac3-b06e-bb9bf347e975">
      <![CDATA[org.openqa.selenium.remote.SessionNotFoundException: 
Command duration or timeout: 3 milliseconds
Build info: version: '2.42.2', revision: '6a6995d31c7c56c340d6f45a76976d43506cd6cc', time: '2014-06-03 10:52:47'
System info: host: 'chinaskindeiMac.local', ip: '192.168.145.165', os.name: 'Mac OS X', os.arch: 'x86_64', os.version: '10.11.3', java.version: '1.8.0_51'
Driver info: io.appium.java_client.android.AndroidDriver
Capabilities [{app=/Users/chinaskin/Desktop/yueniapp-YN_TEST-x86-debug.apk, networkConnectionEnabled=true, noReset=true, warnings={}, app-package=null, app-activity=null, databaseEnabled=false, deviceName=emulator-5554, platform=LINUX, desired={app=/Users/chinaskin/Desktop/yueniapp-YN_TEST-x86-debug.apk, noReset=true, platformVersion=4.4, app-package=null, app-activity=null, unicodeKeyboard=true, platformName=Android, deviceName=emulator-5554, resetKeyboard=true}, platformVersion=6.0, webStorageEnabled=false, locationContextEnabled=false, browserName=Android, takesScreenshot=true, javascriptEnabled=true, unicodeKeyboard=true, platformName=Android, resetKeyboard=true}]
Session ID: ec9cde02-575b-4ac3-b06e-bb9bf347e975
	at org.openqa.selenium.remote.ErrorHandler.createThrowable(ErrorHandler.java:204)
	at org.openqa.selenium.remote.ErrorHandler.throwIfResponseFailed(ErrorHandler.java:162)
	at org.openqa.selenium.remote.RemoteWebDriver.execute(RemoteWebDriver.java:599)
	at io.appium.java_client.AppiumDriver.execute(AppiumDriver.java:180)
	at io.appium.java_client.AppiumDriver.execute(AppiumDriver.java:185)
	at org.openqa.selenium.remote.RemoteWebDriver.getScreenshotAs(RemoteWebDriver.java:324)
	at net.wanghaifeng.com.PublicStaticMethod.captureScreenShot(PublicStaticMethod.java:133)
	at net.wanghaifeng.com.TestDriverAndroid.afterMethod(TestDriverAndroid.java:112)
... Removed 29 stack frames]]>
    </failure>
  </testcase> <!-- @AfterMethod afterMethod -->
  <testcase name="@AfterMethod afterMethod" time="0.0" classname="test10.yueni.android.myprofile.Test07SystemSettingPage">
    <failure type="org.openqa.selenium.remote.SessionNotFoundException" message="
Command duration or timeout: 4 milliseconds
Build info: version: &amp;apos;2.42.2&amp;apos;, revision: &amp;apos;6a6995d31c7c56c340d6f45a76976d43506cd6cc&amp;apos;, time: &amp;apos;2014-06-03 10:52:47&amp;apos;
System info: host: &amp;apos;chinaskindeiMac.local&amp;apos;, ip: &amp;apos;192.168.145.165&amp;apos;, os.name: &amp;apos;Mac OS X&amp;apos;, os.arch: &amp;apos;x86_64&amp;apos;, os.version: &amp;apos;10.11.3&amp;apos;, java.version: &amp;apos;1.8.0_51&amp;apos;
Driver info: io.appium.java_client.android.AndroidDriver
Capabilities [{app=/Users/chinaskin/Desktop/yueniapp-YN_TEST-x86-debug.apk, networkConnectionEnabled=true, noReset=true, warnings={}, app-package=null, app-activity=null, databaseEnabled=false, deviceName=emulator-5554, platform=LINUX, desired={app=/Users/chinaskin/Desktop/yueniapp-YN_TEST-x86-debug.apk, noReset=true, platformVersion=4.4, app-package=null, app-activity=null, unicodeKeyboard=true, platformName=Android, deviceName=emulator-5554, resetKeyboard=true}, platformVersion=6.0, webStorageEnabled=false, locationContextEnabled=false, browserName=Android, takesScreenshot=true, javascriptEnabled=true, unicodeKeyboard=true, platformName=Android, resetKeyboard=true}]
Session ID: ec9cde02-575b-4ac3-b06e-bb9bf347e975">
      <![CDATA[org.openqa.selenium.remote.SessionNotFoundException: 
Command duration or timeout: 4 milliseconds
Build info: version: '2.42.2', revision: '6a6995d31c7c56c340d6f45a76976d43506cd6cc', time: '2014-06-03 10:52:47'
System info: host: 'chinaskindeiMac.local', ip: '192.168.145.165', os.name: 'Mac OS X', os.arch: 'x86_64', os.version: '10.11.3', java.version: '1.8.0_51'
Driver info: io.appium.java_client.android.AndroidDriver
Capabilities [{app=/Users/chinaskin/Desktop/yueniapp-YN_TEST-x86-debug.apk, networkConnectionEnabled=true, noReset=true, warnings={}, app-package=null, app-activity=null, databaseEnabled=false, deviceName=emulator-5554, platform=LINUX, desired={app=/Users/chinaskin/Desktop/yueniapp-YN_TEST-x86-debug.apk, noReset=true, platformVersion=4.4, app-package=null, app-activity=null, unicodeKeyboard=true, platformName=Android, deviceName=emulator-5554, resetKeyboard=true}, platformVersion=6.0, webStorageEnabled=false, locationContextEnabled=false, browserName=Android, takesScreenshot=true, javascriptEnabled=true, unicodeKeyboard=true, platformName=Android, resetKeyboard=true}]
Session ID: ec9cde02-575b-4ac3-b06e-bb9bf347e975
	at org.openqa.selenium.remote.ErrorHandler.createThrowable(ErrorHandler.java:204)
	at org.openqa.selenium.remote.ErrorHandler.throwIfResponseFailed(ErrorHandler.java:162)
	at org.openqa.selenium.remote.RemoteWebDriver.execute(RemoteWebDriver.java:599)
	at io.appium.java_client.AppiumDriver.execute(AppiumDriver.java:180)
	at io.appium.java_client.AppiumDriver.execute(AppiumDriver.java:185)
	at org.openqa.selenium.remote.RemoteWebDriver.getScreenshotAs(RemoteWebDriver.java:324)
	at net.wanghaifeng.com.PublicStaticMethod.captureScreenShot(PublicStaticMethod.java:133)
	at net.wanghaifeng.com.TestDriverAndroid.afterMethod(TestDriverAndroid.java:112)
... Removed 29 stack frames]]>
    </failure>
  </testcase> <!-- @AfterMethod afterMethod -->
  <testcase name="@AfterMethod afterMethod" time="0.0" classname="test10.yueni.android.myprofile.Test07SystemSettingPage">
    <failure type="org.openqa.selenium.remote.SessionNotFoundException" message="
Command duration or timeout: 3 milliseconds
Build info: version: &amp;apos;2.42.2&amp;apos;, revision: &amp;apos;6a6995d31c7c56c340d6f45a76976d43506cd6cc&amp;apos;, time: &amp;apos;2014-06-03 10:52:47&amp;apos;
System info: host: &amp;apos;chinaskindeiMac.local&amp;apos;, ip: &amp;apos;192.168.145.165&amp;apos;, os.name: &amp;apos;Mac OS X&amp;apos;, os.arch: &amp;apos;x86_64&amp;apos;, os.version: &amp;apos;10.11.3&amp;apos;, java.version: &amp;apos;1.8.0_51&amp;apos;
Driver info: io.appium.java_client.android.AndroidDriver
Capabilities [{app=/Users/chinaskin/Desktop/yueniapp-YN_TEST-x86-debug.apk, networkConnectionEnabled=true, noReset=true, warnings={}, app-package=null, app-activity=null, databaseEnabled=false, deviceName=emulator-5554, platform=LINUX, desired={app=/Users/chinaskin/Desktop/yueniapp-YN_TEST-x86-debug.apk, noReset=true, platformVersion=4.4, app-package=null, app-activity=null, unicodeKeyboard=true, platformName=Android, deviceName=emulator-5554, resetKeyboard=true}, platformVersion=6.0, webStorageEnabled=false, locationContextEnabled=false, browserName=Android, takesScreenshot=true, javascriptEnabled=true, unicodeKeyboard=true, platformName=Android, resetKeyboard=true}]
Session ID: ec9cde02-575b-4ac3-b06e-bb9bf347e975">
      <![CDATA[org.openqa.selenium.remote.SessionNotFoundException: 
Command duration or timeout: 3 milliseconds
Build info: version: '2.42.2', revision: '6a6995d31c7c56c340d6f45a76976d43506cd6cc', time: '2014-06-03 10:52:47'
System info: host: 'chinaskindeiMac.local', ip: '192.168.145.165', os.name: 'Mac OS X', os.arch: 'x86_64', os.version: '10.11.3', java.version: '1.8.0_51'
Driver info: io.appium.java_client.android.AndroidDriver
Capabilities [{app=/Users/chinaskin/Desktop/yueniapp-YN_TEST-x86-debug.apk, networkConnectionEnabled=true, noReset=true, warnings={}, app-package=null, app-activity=null, databaseEnabled=false, deviceName=emulator-5554, platform=LINUX, desired={app=/Users/chinaskin/Desktop/yueniapp-YN_TEST-x86-debug.apk, noReset=true, platformVersion=4.4, app-package=null, app-activity=null, unicodeKeyboard=true, platformName=Android, deviceName=emulator-5554, resetKeyboard=true}, platformVersion=6.0, webStorageEnabled=false, locationContextEnabled=false, browserName=Android, takesScreenshot=true, javascriptEnabled=true, unicodeKeyboard=true, platformName=Android, resetKeyboard=true}]
Session ID: ec9cde02-575b-4ac3-b06e-bb9bf347e975
	at org.openqa.selenium.remote.ErrorHandler.createThrowable(ErrorHandler.java:204)
	at org.openqa.selenium.remote.ErrorHandler.throwIfResponseFailed(ErrorHandler.java:162)
	at org.openqa.selenium.remote.RemoteWebDriver.execute(RemoteWebDriver.java:599)
	at io.appium.java_client.AppiumDriver.execute(AppiumDriver.java:180)
	at io.appium.java_client.AppiumDriver.execute(AppiumDriver.java:185)
	at org.openqa.selenium.remote.RemoteWebDriver.getScreenshotAs(RemoteWebDriver.java:324)
	at net.wanghaifeng.com.PublicStaticMethod.captureScreenShot(PublicStaticMethod.java:133)
	at net.wanghaifeng.com.TestDriverAndroid.afterMethod(TestDriverAndroid.java:112)
... Removed 29 stack frames]]>
    </failure>
  </testcase> <!-- @AfterMethod afterMethod -->
  <testcase name="@AfterMethod afterMethod" time="0.0" classname="test10.yueni.android.myprofile.Test07SystemSettingPage">
    <failure type="org.openqa.selenium.remote.SessionNotFoundException" message="
Command duration or timeout: 4 milliseconds
Build info: version: &amp;apos;2.42.2&amp;apos;, revision: &amp;apos;6a6995d31c7c56c340d6f45a76976d43506cd6cc&amp;apos;, time: &amp;apos;2014-06-03 10:52:47&amp;apos;
System info: host: &amp;apos;chinaskindeiMac.local&amp;apos;, ip: &amp;apos;192.168.145.165&amp;apos;, os.name: &amp;apos;Mac OS X&amp;apos;, os.arch: &amp;apos;x86_64&amp;apos;, os.version: &amp;apos;10.11.3&amp;apos;, java.version: &amp;apos;1.8.0_51&amp;apos;
Driver info: io.appium.java_client.android.AndroidDriver
Capabilities [{app=/Users/chinaskin/Desktop/yueniapp-YN_TEST-x86-debug.apk, networkConnectionEnabled=true, noReset=true, warnings={}, app-package=null, app-activity=null, databaseEnabled=false, deviceName=emulator-5554, platform=LINUX, desired={app=/Users/chinaskin/Desktop/yueniapp-YN_TEST-x86-debug.apk, noReset=true, platformVersion=4.4, app-package=null, app-activity=null, unicodeKeyboard=true, platformName=Android, deviceName=emulator-5554, resetKeyboard=true}, platformVersion=6.0, webStorageEnabled=false, locationContextEnabled=false, browserName=Android, takesScreenshot=true, javascriptEnabled=true, unicodeKeyboard=true, platformName=Android, resetKeyboard=true}]
Session ID: ec9cde02-575b-4ac3-b06e-bb9bf347e975">
      <![CDATA[org.openqa.selenium.remote.SessionNotFoundException: 
Command duration or timeout: 4 milliseconds
Build info: version: '2.42.2', revision: '6a6995d31c7c56c340d6f45a76976d43506cd6cc', time: '2014-06-03 10:52:47'
System info: host: 'chinaskindeiMac.local', ip: '192.168.145.165', os.name: 'Mac OS X', os.arch: 'x86_64', os.version: '10.11.3', java.version: '1.8.0_51'
Driver info: io.appium.java_client.android.AndroidDriver
Capabilities [{app=/Users/chinaskin/Desktop/yueniapp-YN_TEST-x86-debug.apk, networkConnectionEnabled=true, noReset=true, warnings={}, app-package=null, app-activity=null, databaseEnabled=false, deviceName=emulator-5554, platform=LINUX, desired={app=/Users/chinaskin/Desktop/yueniapp-YN_TEST-x86-debug.apk, noReset=true, platformVersion=4.4, app-package=null, app-activity=null, unicodeKeyboard=true, platformName=Android, deviceName=emulator-5554, resetKeyboard=true}, platformVersion=6.0, webStorageEnabled=false, locationContextEnabled=false, browserName=Android, takesScreenshot=true, javascriptEnabled=true, unicodeKeyboard=true, platformName=Android, resetKeyboard=true}]
Session ID: ec9cde02-575b-4ac3-b06e-bb9bf347e975
	at org.openqa.selenium.remote.ErrorHandler.createThrowable(ErrorHandler.java:204)
	at org.openqa.selenium.remote.ErrorHandler.throwIfResponseFailed(ErrorHandler.java:162)
	at org.openqa.selenium.remote.RemoteWebDriver.execute(RemoteWebDriver.java:599)
	at io.appium.java_client.AppiumDriver.execute(AppiumDriver.java:180)
	at io.appium.java_client.AppiumDriver.execute(AppiumDriver.java:185)
	at org.openqa.selenium.remote.RemoteWebDriver.getScreenshotAs(RemoteWebDriver.java:324)
	at net.wanghaifeng.com.PublicStaticMethod.captureScreenShot(PublicStaticMethod.java:133)
	at net.wanghaifeng.com.TestDriverAndroid.afterMethod(TestDriverAndroid.java:112)
... Removed 29 stack frames]]>
    </failure>
  </testcase> <!-- @AfterMethod afterMethod -->
  <testcase name="@AfterClass ResetTestApplication" time="0.0" classname="test10.yueni.android.myprofile.Test07SystemSettingPage">
    <skipped/>
  </testcase> <!-- @AfterClass ResetTestApplication -->
  <testcase name="@AfterTest TestFir03stRunCompareLogFileTest" time="0.0" classname="test06.yueni.android.base.Test00AutoTestBase">
    <skipped/>
  </testcase> <!-- @AfterTest TestFir03stRunCompareLogFileTest -->
  <testcase name="TestFir01stInitTestData" time="1.049" classname="test06.yueni.android.base.Test00AutoTestBase"/>
  <testcase name="TestFir02stInitTestApp" time="5.327" classname="test06.yueni.android.base.Test00AutoTestBase"/>
  <testcase name="TestFir01stClickExperience" time="1.246" classname="test10.yueni.android.myprofile.Test05MyProfilePage"/>
  <testcase name="TestFir02stClickOpenUpgraderRule" time="8.233" classname="test10.yueni.android.myprofile.Test05MyProfilePage"/>
  <testcase name="TestFir03stClickSetMyAddress" time="3.976" classname="test10.yueni.android.myprofile.Test05MyProfilePage"/>
  <testcase name="TestFir04stClickBandingNum" time="3.988" classname="test10.yueni.android.myprofile.Test05MyProfilePage"/>
  <testcase name="TestFir05stClickMenstruationAssistant" time="4.886" classname="test10.yueni.android.myprofile.Test05MyProfilePage"/>
  <testcase name="TestFir07stClickMySubscribe" time="5.67" classname="test10.yueni.android.myprofile.Test05MyProfilePage">
    <failure type="java.lang.AssertionError" message="查看元素失败，无法进行click操作">
      <![CDATA[java.lang.AssertionError: 查看元素失败，无法进行click操作
	at net.wanghaifeng.page.android.Android05MyProfilePage.clickOpenMySubscribeTags(Android05MyProfilePage.java:109)
	at test10.yueni.android.myprofile.Test05MyProfilePage.TestFir07stClickMySubscribe(Test05MyProfilePage.java:63)
... Removed 25 stack frames]]>
    </failure>
  </testcase> <!-- TestFir07stClickMySubscribe -->
  <testcase name="TestFir08stClickMyCollection" time="9.659" classname="test10.yueni.android.myprofile.Test05MyProfilePage">
    <failure type="java.lang.AssertionError" message="查看元素失败，无法进行click操作">
      <![CDATA[java.lang.AssertionError: 查看元素失败，无法进行click操作
	at net.wanghaifeng.page.android.Android05MyProfilePage.clickOpenMyPostCollection(Android05MyProfilePage.java:122)
	at test10.yueni.android.myprofile.Test05MyProfilePage.TestFir08stClickMyCollection(Test05MyProfilePage.java:72)
... Removed 25 stack frames]]>
    </failure>
  </testcase> <!-- TestFir08stClickMyCollection -->
  <testcase name="TestFir09stClickBindSocailPlatform" time="4.515" classname="test10.yueni.android.myprofile.Test05MyProfilePage"/>
  <testcase name="TestFir10stClickSystemSettingPage" time="3.969" classname="test10.yueni.android.myprofile.Test05MyProfilePage"/>
  <testcase name="TestFir11stClickTestAfterMethod" time="0.0" classname="test10.yueni.android.myprofile.Test05MyProfilePage">
    <failure type="java.lang.AssertionError" message="expected:&amp;lt;1&amp;gt; but was:&amp;lt;2&amp;gt;">
      <![CDATA[java.lang.AssertionError: expected:<1> but was:<2>
	at test10.yueni.android.myprofile.Test05MyProfilePage.TestFir11stClickTestAfterMethod(Test05MyProfilePage.java:96)
... Removed 29 stack frames]]>
    </failure>
  </testcase> <!-- TestFir11stClickTestAfterMethod -->
  <testcase name="TestFir01stClickEveryDaySign" time="12.263" classname="test10.yueni.android.myprofile.Test06UserCenterPage">
    <failure type="java.lang.AssertionError" message="查看元素失败，无法进行click操作">
      <![CDATA[java.lang.AssertionError: 查看元素失败，无法进行click操作
	at net.wanghaifeng.page.android.Android06UserCenterPage.clickOpenEveryDaySign(Android06UserCenterPage.java:58)
	at test10.yueni.android.myprofile.Test06UserCenterPage.TestFir01stClickEveryDaySign(Test06UserCenterPage.java:24)
... Removed 25 stack frames]]>
    </failure>
  </testcase> <!-- TestFir01stClickEveryDaySign -->
  <testcase name="TestFir02stClickAttentionButton" time="5.543" classname="test10.yueni.android.myprofile.Test06UserCenterPage">
    <failure type="java.lang.AssertionError" message="查看元素失败，无法进行click操作">
      <![CDATA[java.lang.AssertionError: 查看元素失败，无法进行click操作
	at net.wanghaifeng.page.android.Android06UserCenterPage.clickAttentionButton(Android06UserCenterPage.java:83)
	at test10.yueni.android.myprofile.Test06UserCenterPage.TestFir02stClickAttentionButton(Test06UserCenterPage.java:31)
... Removed 25 stack frames]]>
    </failure>
  </testcase> <!-- TestFir02stClickAttentionButton -->
  <testcase name="TestFir03stClickFollowerButton" time="5.454" classname="test10.yueni.android.myprofile.Test06UserCenterPage">
    <failure type="java.lang.AssertionError" message="查看元素失败，无法进行click操作">
      <![CDATA[java.lang.AssertionError: 查看元素失败，无法进行click操作
	at net.wanghaifeng.page.android.Android06UserCenterPage.clickFollowerButton(Android06UserCenterPage.java:95)
	at test10.yueni.android.myprofile.Test06UserCenterPage.TestFir03stClickFollowerButton(Test06UserCenterPage.java:38)
... Removed 25 stack frames]]>
    </failure>
  </testcase> <!-- TestFir03stClickFollowerButton -->
  <testcase name="TestFir04stClickPostButton" time="5.515" classname="test10.yueni.android.myprofile.Test06UserCenterPage">
    <failure type="java.lang.AssertionError" message="查看元素失败，无法进行click操作">
      <![CDATA[java.lang.AssertionError: 查看元素失败，无法进行click操作
	at net.wanghaifeng.page.android.Android06UserCenterPage.clickPostButton(Android06UserCenterPage.java:71)
	at test10.yueni.android.myprofile.Test06UserCenterPage.TestFir04stClickPostButton(Test06UserCenterPage.java:45)
... Removed 25 stack frames]]>
    </failure>
  </testcase> <!-- TestFir04stClickPostButton -->
  <testcase name="TestFir05stClickEditUserInfoButton" time="5.49" classname="test10.yueni.android.myprofile.Test06UserCenterPage">
    <failure type="java.lang.AssertionError" message="查看元素失败，无法进行click操作">
      <![CDATA[java.lang.AssertionError: 查看元素失败，无法进行click操作
	at net.wanghaifeng.page.android.Android06UserCenterPage.clickEditUserInfoButton(Android06UserCenterPage.java:108)
	at test10.yueni.android.myprofile.Test06UserCenterPage.TestFir05stClickEditUserInfoButton(Test06UserCenterPage.java:52)
... Removed 25 stack frames]]>
    </failure>
  </testcase> <!-- TestFir05stClickEditUserInfoButton -->
  <testcase name="TestFir06stClickOpenUserCenterPage" time="5.474" classname="test10.yueni.android.myprofile.Test06UserCenterPage">
    <failure type="java.lang.AssertionError" message="查看元素失败，无法进行click操作">
      <![CDATA[java.lang.AssertionError: 查看元素失败，无法进行click操作
	at net.wanghaifeng.page.android.Android06UserCenterPage.clickOpenUserCenterPage(Android06UserCenterPage.java:120)
	at test10.yueni.android.myprofile.Test06UserCenterPage.TestFir06stClickOpenUserCenterPage(Test06UserCenterPage.java:59)
... Removed 25 stack frames]]>
    </failure>
  </testcase> <!-- TestFir06stClickOpenUserCenterPage -->
  <testcase name="TestFir07stClickUserCenterAttentionButton" time="5.423" classname="test10.yueni.android.myprofile.Test06UserCenterPage">
    <failure type="java.lang.AssertionError" message="查看元素失败，无法进行click操作">
      <![CDATA[java.lang.AssertionError: 查看元素失败，无法进行click操作
	at net.wanghaifeng.page.android.Android06UserCenterPage.clickUserCentenAttentionButton(Android06UserCenterPage.java:144)
	at test10.yueni.android.myprofile.Test06UserCenterPage.TestFir07stClickUserCenterAttentionButton(Test06UserCenterPage.java:66)
... Removed 25 stack frames]]>
    </failure>
  </testcase> <!-- TestFir07stClickUserCenterAttentionButton -->
  <testcase name="TestFir08stClickUserCenterAttentionList" time="17.447" classname="test10.yueni.android.myprofile.Test06UserCenterPage"/>
  <testcase name="TestFir09stClickUserCenterFollowerButton" time="6.017" classname="test10.yueni.android.myprofile.Test06UserCenterPage">
    <failure type="java.lang.AssertionError" message="查看元素失败，无法进行click操作">
      <![CDATA[java.lang.AssertionError: 查看元素失败，无法进行click操作
	at net.wanghaifeng.page.android.Android06UserCenterPage.clickUserCenterFollowerButton(Android06UserCenterPage.java:178)
	at test10.yueni.android.myprofile.Test06UserCenterPage.TestFir09stClickUserCenterFollowerButton(Test06UserCenterPage.java:82)
... Removed 25 stack frames]]>
    </failure>
  </testcase> <!-- TestFir09stClickUserCenterFollowerButton -->
  <testcase name="TestFir10stClickUserCenterFollowerList" time="5.495" classname="test10.yueni.android.myprofile.Test06UserCenterPage"/>
  <testcase name="TestFir11stClickMyFansUserFace" time="5.996" classname="test10.yueni.android.myprofile.Test06UserCenterPage">
    <failure type="java.lang.AssertionError" message="查看元素失败，无法进行click操作">
      <![CDATA[java.lang.AssertionError: 查看元素失败，无法进行click操作
	at net.wanghaifeng.page.android.Android06UserCenterPage.clickLookUserFansPhoto(Android06UserCenterPage.java:222)
	at test10.yueni.android.myprofile.Test06UserCenterPage.TestFir11stClickMyFansUserFace(Test06UserCenterPage.java:96)
... Removed 25 stack frames]]>
    </failure>
  </testcase> <!-- TestFir11stClickMyFansUserFace -->
  <testcase name="TestFir12stClickAttentionMyFans" time="5.453" classname="test10.yueni.android.myprofile.Test06UserCenterPage">
    <failure type="java.lang.AssertionError" message="查看元素失败，无法进行click操作">
      <![CDATA[java.lang.AssertionError: 查看元素失败，无法进行click操作
	at net.wanghaifeng.page.android.Android06UserCenterPage.clickAttensionOthersUsers(Android06UserCenterPage.java:208)
	at test10.yueni.android.myprofile.Test06UserCenterPage.TestFir12stClickAttentionMyFans(Test06UserCenterPage.java:102)
... Removed 25 stack frames]]>
    </failure>
  </testcase> <!-- TestFir12stClickAttentionMyFans -->
  <testcase name="TestFir13stClickUserCenterEditUserInfoButton" time="5.519" classname="test10.yueni.android.myprofile.Test06UserCenterPage">
    <failure type="java.lang.AssertionError" message="查看元素失败，无法进行click操作">
      <![CDATA[java.lang.AssertionError: 查看元素失败，无法进行click操作
	at net.wanghaifeng.page.android.Android06UserCenterPage.clickUserCenterEditUserInfoButton(Android06UserCenterPage.java:133)
	at test10.yueni.android.myprofile.Test06UserCenterPage.TestFir13stClickUserCenterEditUserInfoButton(Test06UserCenterPage.java:111)
... Removed 25 stack frames]]>
    </failure>
  </testcase> <!-- TestFir13stClickUserCenterEditUserInfoButton -->
  <testcase name="TestFir14stClickTestAfterMethod" time="0.0" classname="test10.yueni.android.myprofile.Test06UserCenterPage">
    <failure type="java.lang.AssertionError" message="expected:&amp;lt;1&amp;gt; but was:&amp;lt;2&amp;gt;">
      <![CDATA[java.lang.AssertionError: expected:<1> but was:<2>
	at test10.yueni.android.myprofile.Test06UserCenterPage.TestFir14stClickTestAfterMethod(Test06UserCenterPage.java:120)
... Removed 29 stack frames]]>
    </failure>
  </testcase> <!-- TestFir14stClickTestAfterMethod -->
  <testcase name="TestFir01stClickEditUserInfo" time="91.925" classname="test10.yueni.android.myprofile.Test07SystemSettingPage">
    <failure type="java.lang.AssertionError" message="查看元素失败，无法进行click操作">
      <![CDATA[java.lang.AssertionError: 查看元素失败，无法进行click操作
	at net.wanghaifeng.page.android.Android14EditUserInfoPage.clickModifyUserNickName(Android14EditUserInfoPage.java:83)
	at test10.yueni.android.myprofile.Test07SystemSettingPage.TestFir01stClickEditUserInfo(Test07SystemSettingPage.java:25)
... Removed 25 stack frames]]>
    </failure>
  </testcase> <!-- TestFir01stClickEditUserInfo -->
  <testcase name="TestFir02stClickModifyUserPassword" time="0.0" classname="test10.yueni.android.myprofile.Test07SystemSettingPage">
    <skipped/>
  </testcase> <!-- TestFir02stClickModifyUserPassword -->
  <testcase name="TestFir03stClickModifyUserPassword" time="0.0" classname="test10.yueni.android.myprofile.Test07SystemSettingPage">
    <skipped/>
  </testcase> <!-- TestFir03stClickModifyUserPassword -->
  <testcase name="TestFir04stClickOpenMessageCenterSet" time="0.001" classname="test10.yueni.android.myprofile.Test07SystemSettingPage">
    <skipped/>
  </testcase> <!-- TestFir04stClickOpenMessageCenterSet -->
  <testcase name="TestFir05stClickImageQualitySetting" time="0.0" classname="test10.yueni.android.myprofile.Test07SystemSettingPage">
    <skipped/>
  </testcase> <!-- TestFir05stClickImageQualitySetting -->
  <testcase name="TestFir08stClickOpenFeedback" time="0.001" classname="test10.yueni.android.myprofile.Test07SystemSettingPage">
    <skipped/>
  </testcase> <!-- TestFir08stClickOpenFeedback -->
  <testcase name="TestFir09stClickOpenFeedback" time="0.0" classname="test10.yueni.android.myprofile.Test07SystemSettingPage">
    <skipped/>
  </testcase> <!-- TestFir09stClickOpenFeedback -->
  <testcase name="TestFir10stClickOpenAboutUs" time="0.001" classname="test10.yueni.android.myprofile.Test07SystemSettingPage">
    <skipped/>
  </testcase> <!-- TestFir10stClickOpenAboutUs -->
  <testcase name="TestFir11stClickShareAppToFriend" time="0.0" classname="test10.yueni.android.myprofile.Test07SystemSettingPage">
    <skipped/>
  </testcase> <!-- TestFir11stClickShareAppToFriend -->
  <testcase name="TestFir12stClickUserExitLogout" time="0.0" classname="test10.yueni.android.myprofile.Test07SystemSettingPage">
    <skipped/>
  </testcase> <!-- TestFir12stClickUserExitLogout -->
</testsuite> <!-- AllTest_01 -->
