<?xml version="1.0" encoding="UTF-8"?>
<!-- Generated by org.testng.reporters.JUnitXMLReporter -->
<testsuite hostname="chinaskindeiMac.local" name="AllTest_01_MyProfilePage" tests="11" failures="0" timestamp="12 May 2016 06:42:09 GMT" time="64.519" errors="0">
  <testcase name="TestFir01stInitTestData" time="3.771" classname="test06.yueni.android.base.Test00AutoTestBase"/>
  <testcase name="TestFir02stInitTestApp" time="0.001" classname="test06.yueni.android.base.Test00AutoTestBase"/>
  <testcase name="TestFir01stClickExperience" time="1.896" classname="test10.yueni.android.myprofile.Test05MyProfilePage"/>
  <testcase name="TestFir02stClickOpenUpgraderRule" time="8.218" classname="test10.yueni.android.myprofile.Test05MyProfilePage"/>
  <testcase name="TestFir03stClickSetMyAddress" time="4.021" classname="test10.yueni.android.myprofile.Test05MyProfilePage"/>
  <testcase name="TestFir04stClickBandingNum" time="4.062" classname="test10.yueni.android.myprofile.Test05MyProfilePage"/>
  <testcase name="TestFir05stClickMenstruationAssistant" time="4.88" classname="test10.yueni.android.myprofile.Test05MyProfilePage"/>
  <testcase name="TestFir07stClickMySubscribe" time="4.381" classname="test10.yueni.android.myprofile.Test05MyProfilePage"/>
  <testcase name="TestFir08stClickMyCollection" time="2.061" classname="test10.yueni.android.myprofile.Test05MyProfilePage"/>
  <testcase name="TestFir09stClickBindSocailPlatform" time="4.711" classname="test10.yueni.android.myprofile.Test05MyProfilePage"/>
  <testcase name="TestFir10stClickSystemSettingPage" time="3.999" classname="test10.yueni.android.myprofile.Test05MyProfilePage"/>
</testsuite> <!-- AllTest_01_MyProfilePage -->
