<?xml version="1.0" encoding="UTF-8"?>
<!-- Generated by org.testng.reporters.JUnitXMLReporter -->
<testsuite hostname="chinaskindeiMac.local" name="myModuleTest" tests="49" failures="0" timestamp="9 May 2016 06:05:20 GMT" time="0.482" errors="0">
  <testcase name="@BeforeTest init25PP" time="0.0" classname="test10.yueni.android.myprofile.Test11ReceiveAddressPage">
    <failure type="java.lang.Error" message="A new session could not be created. (Original error: Bad app: /Users/chinaskin/Desktop/yueniapp-YN_TEST-release.apk. App paths need to be absolute, or relative to the appium server install dir, or a URL to compressed file, or a special app name. cause: Error: Error locating the app: ENOENT: no such file or directory, stat &amp;apos;/Users/chinaskin/Desktop/yueniapp-YN_TEST-release.apk&amp;apos;) (WARNING: The server did not provide any stacktrace information)
Command duration or timeout: 126 milliseconds
Build info: version: &amp;apos;2.42.2&amp;apos;, revision: &amp;apos;6a6995d31c7c56c340d6f45a76976d43506cd6cc&amp;apos;, time: &amp;apos;2014-06-03 10:52:47&amp;apos;
System info: host: &amp;apos;chinaskindeiMac.local&amp;apos;, ip: &amp;apos;192.168.145.165&amp;apos;, os.name: &amp;apos;Mac OS X&amp;apos;, os.arch: &amp;apos;x86_64&amp;apos;, os.version: &amp;apos;10.11.3&amp;apos;, java.version: &amp;apos;1.8.0_51&amp;apos;
Driver info: io.appium.java_client.android.AndroidDriver">
      <![CDATA[java.lang.Error: A new session could not be created. (Original error: Bad app: /Users/chinaskin/Desktop/yueniapp-YN_TEST-release.apk. App paths need to be absolute, or relative to the appium server install dir, or a URL to compressed file, or a special app name. cause: Error: Error locating the app: ENOENT: no such file or directory, stat '/Users/chinaskin/Desktop/yueniapp-YN_TEST-release.apk') (WARNING: The server did not provide any stacktrace information)
Command duration or timeout: 126 milliseconds
Build info: version: '2.42.2', revision: '6a6995d31c7c56c340d6f45a76976d43506cd6cc', time: '2014-06-03 10:52:47'
System info: host: 'chinaskindeiMac.local', ip: '192.168.145.165', os.name: 'Mac OS X', os.arch: 'x86_64', os.version: '10.11.3', java.version: '1.8.0_51'
Driver info: io.appium.java_client.android.AndroidDriver
	at net.wanghaifeng.conf.androidLauncherConf.androidDriver(androidLauncherConf.java:34)
	at net.wanghaifeng.enums.AndroidLauncher$1.execute(AndroidLauncher.java:14)
	at net.wanghaifeng.com.TestDriverAndroid.init25PP(TestDriverAndroid.java:77)
... Removed 22 stack frames]]>
    </failure>
  </testcase> <!-- @BeforeTest init25PP -->
  <testcase name="@AfterMethod afterMethod" time="0.0" classname="test06.yueni.android.base.Test00AutoTestBase">
    <failure type="java.lang.NullPointerException">
      <![CDATA[java.lang.NullPointerException
	at org.openqa.selenium.remote.Augmenter.extractRemoteWebDriver(Augmenter.java:65)
	at org.openqa.selenium.remote.BaseAugmenter.augment(BaseAugmenter.java:110)
	at net.wanghaifeng.com.PublicStaticMethod.captureScreenShot(PublicStaticMethod.java:132)
	at net.wanghaifeng.com.TestDriverAndroid.afterMethod(TestDriverAndroid.java:116)
... Removed 26 stack frames]]>
    </failure>
  </testcase> <!-- @AfterMethod afterMethod -->
  <testcase name="@AfterMethod afterMethod" time="0.0" classname="test06.yueni.android.base.Test00AutoTestBase">
    <failure type="java.lang.NullPointerException">
      <![CDATA[java.lang.NullPointerException
	at org.openqa.selenium.remote.Augmenter.extractRemoteWebDriver(Augmenter.java:65)
	at org.openqa.selenium.remote.BaseAugmenter.augment(BaseAugmenter.java:110)
	at net.wanghaifeng.com.PublicStaticMethod.captureScreenShot(PublicStaticMethod.java:132)
	at net.wanghaifeng.com.TestDriverAndroid.afterMethod(TestDriverAndroid.java:116)
... Removed 26 stack frames]]>
    </failure>
  </testcase> <!-- @AfterMethod afterMethod -->
  <testcase name="@AfterClass ResetTestApplication" time="0.0" classname="test06.yueni.android.base.Test00AutoTestBase">
    <skipped/>
  </testcase> <!-- @AfterClass ResetTestApplication -->
  <testcase name="@BeforeClass OpenInitializationTestPage" time="0.0" classname="test10.yueni.android.myprofile.Test09UserRegisterPage">
    <skipped/>
  </testcase> <!-- @BeforeClass OpenInitializationTestPage -->
  <testcase name="@AfterMethod afterMethod" time="0.0" classname="test10.yueni.android.myprofile.Test09UserRegisterPage">
    <failure type="java.lang.NullPointerException">
      <![CDATA[java.lang.NullPointerException
	at org.openqa.selenium.remote.Augmenter.extractRemoteWebDriver(Augmenter.java:65)
	at org.openqa.selenium.remote.BaseAugmenter.augment(BaseAugmenter.java:110)
	at net.wanghaifeng.com.PublicStaticMethod.captureScreenShot(PublicStaticMethod.java:132)
	at net.wanghaifeng.com.TestDriverAndroid.afterMethod(TestDriverAndroid.java:116)
... Removed 26 stack frames]]>
    </failure>
  </testcase> <!-- @AfterMethod afterMethod -->
  <testcase name="@AfterMethod afterMethod" time="0.0" classname="test10.yueni.android.myprofile.Test09UserRegisterPage">
    <failure type="java.lang.NullPointerException">
      <![CDATA[java.lang.NullPointerException
	at org.openqa.selenium.remote.Augmenter.extractRemoteWebDriver(Augmenter.java:65)
	at org.openqa.selenium.remote.BaseAugmenter.augment(BaseAugmenter.java:110)
	at net.wanghaifeng.com.PublicStaticMethod.captureScreenShot(PublicStaticMethod.java:132)
	at net.wanghaifeng.com.TestDriverAndroid.afterMethod(TestDriverAndroid.java:116)
... Removed 26 stack frames]]>
    </failure>
  </testcase> <!-- @AfterMethod afterMethod -->
  <testcase name="@AfterMethod afterMethod" time="0.0" classname="test10.yueni.android.myprofile.Test09UserRegisterPage">
    <failure type="java.lang.NullPointerException">
      <![CDATA[java.lang.NullPointerException
	at org.openqa.selenium.remote.Augmenter.extractRemoteWebDriver(Augmenter.java:65)
	at org.openqa.selenium.remote.BaseAugmenter.augment(BaseAugmenter.java:110)
	at net.wanghaifeng.com.PublicStaticMethod.captureScreenShot(PublicStaticMethod.java:132)
	at net.wanghaifeng.com.TestDriverAndroid.afterMethod(TestDriverAndroid.java:116)
... Removed 26 stack frames]]>
    </failure>
  </testcase> <!-- @AfterMethod afterMethod -->
  <testcase name="@AfterClass ResetTestApplication" time="0.0" classname="test10.yueni.android.myprofile.Test09UserRegisterPage">
    <skipped/>
  </testcase> <!-- @AfterClass ResetTestApplication -->
  <testcase name="@BeforeClass OpenInitializationTestPage" time="0.0" classname="test10.yueni.android.myprofile.Test05MyProfilePage">
    <skipped/>
  </testcase> <!-- @BeforeClass OpenInitializationTestPage -->
  <testcase name="@AfterMethod afterMethod" time="0.0" classname="test10.yueni.android.myprofile.Test05MyProfilePage">
    <failure type="java.lang.NullPointerException">
      <![CDATA[java.lang.NullPointerException
	at org.openqa.selenium.remote.Augmenter.extractRemoteWebDriver(Augmenter.java:65)
	at org.openqa.selenium.remote.BaseAugmenter.augment(BaseAugmenter.java:110)
	at net.wanghaifeng.com.PublicStaticMethod.captureScreenShot(PublicStaticMethod.java:132)
	at net.wanghaifeng.com.TestDriverAndroid.afterMethod(TestDriverAndroid.java:116)
... Removed 26 stack frames]]>
    </failure>
  </testcase> <!-- @AfterMethod afterMethod -->
  <testcase name="@AfterMethod afterMethod" time="0.0" classname="test10.yueni.android.myprofile.Test05MyProfilePage">
    <failure type="java.lang.NullPointerException">
      <![CDATA[java.lang.NullPointerException
	at org.openqa.selenium.remote.Augmenter.extractRemoteWebDriver(Augmenter.java:65)
	at org.openqa.selenium.remote.BaseAugmenter.augment(BaseAugmenter.java:110)
	at net.wanghaifeng.com.PublicStaticMethod.captureScreenShot(PublicStaticMethod.java:132)
	at net.wanghaifeng.com.TestDriverAndroid.afterMethod(TestDriverAndroid.java:116)
... Removed 26 stack frames]]>
    </failure>
  </testcase> <!-- @AfterMethod afterMethod -->
  <testcase name="@AfterMethod afterMethod" time="0.0" classname="test10.yueni.android.myprofile.Test05MyProfilePage">
    <failure type="java.lang.NullPointerException">
      <![CDATA[java.lang.NullPointerException
	at org.openqa.selenium.remote.Augmenter.extractRemoteWebDriver(Augmenter.java:65)
	at org.openqa.selenium.remote.BaseAugmenter.augment(BaseAugmenter.java:110)
	at net.wanghaifeng.com.PublicStaticMethod.captureScreenShot(PublicStaticMethod.java:132)
	at net.wanghaifeng.com.TestDriverAndroid.afterMethod(TestDriverAndroid.java:116)
... Removed 26 stack frames]]>
    </failure>
  </testcase> <!-- @AfterMethod afterMethod -->
  <testcase name="@AfterMethod afterMethod" time="0.0" classname="test10.yueni.android.myprofile.Test05MyProfilePage">
    <failure type="java.lang.NullPointerException">
      <![CDATA[java.lang.NullPointerException
	at org.openqa.selenium.remote.Augmenter.extractRemoteWebDriver(Augmenter.java:65)
	at org.openqa.selenium.remote.BaseAugmenter.augment(BaseAugmenter.java:110)
	at net.wanghaifeng.com.PublicStaticMethod.captureScreenShot(PublicStaticMethod.java:132)
	at net.wanghaifeng.com.TestDriverAndroid.afterMethod(TestDriverAndroid.java:116)
... Removed 26 stack frames]]>
    </failure>
  </testcase> <!-- @AfterMethod afterMethod -->
  <testcase name="@AfterMethod afterMethod" time="0.0" classname="test10.yueni.android.myprofile.Test05MyProfilePage">
    <failure type="java.lang.NullPointerException">
      <![CDATA[java.lang.NullPointerException
	at org.openqa.selenium.remote.Augmenter.extractRemoteWebDriver(Augmenter.java:65)
	at org.openqa.selenium.remote.BaseAugmenter.augment(BaseAugmenter.java:110)
	at net.wanghaifeng.com.PublicStaticMethod.captureScreenShot(PublicStaticMethod.java:132)
	at net.wanghaifeng.com.TestDriverAndroid.afterMethod(TestDriverAndroid.java:116)
... Removed 26 stack frames]]>
    </failure>
  </testcase> <!-- @AfterMethod afterMethod -->
  <testcase name="@AfterMethod afterMethod" time="0.0" classname="test10.yueni.android.myprofile.Test05MyProfilePage">
    <failure type="java.lang.NullPointerException">
      <![CDATA[java.lang.NullPointerException
	at org.openqa.selenium.remote.Augmenter.extractRemoteWebDriver(Augmenter.java:65)
	at org.openqa.selenium.remote.BaseAugmenter.augment(BaseAugmenter.java:110)
	at net.wanghaifeng.com.PublicStaticMethod.captureScreenShot(PublicStaticMethod.java:132)
	at net.wanghaifeng.com.TestDriverAndroid.afterMethod(TestDriverAndroid.java:116)
... Removed 26 stack frames]]>
    </failure>
  </testcase> <!-- @AfterMethod afterMethod -->
  <testcase name="@AfterMethod afterMethod" time="0.0" classname="test10.yueni.android.myprofile.Test05MyProfilePage">
    <failure type="java.lang.NullPointerException">
      <![CDATA[java.lang.NullPointerException
	at org.openqa.selenium.remote.Augmenter.extractRemoteWebDriver(Augmenter.java:65)
	at org.openqa.selenium.remote.BaseAugmenter.augment(BaseAugmenter.java:110)
	at net.wanghaifeng.com.PublicStaticMethod.captureScreenShot(PublicStaticMethod.java:132)
	at net.wanghaifeng.com.TestDriverAndroid.afterMethod(TestDriverAndroid.java:116)
... Removed 26 stack frames]]>
    </failure>
  </testcase> <!-- @AfterMethod afterMethod -->
  <testcase name="@AfterMethod afterMethod" time="0.0" classname="test10.yueni.android.myprofile.Test05MyProfilePage">
    <failure type="java.lang.NullPointerException">
      <![CDATA[java.lang.NullPointerException
	at org.openqa.selenium.remote.Augmenter.extractRemoteWebDriver(Augmenter.java:65)
	at org.openqa.selenium.remote.BaseAugmenter.augment(BaseAugmenter.java:110)
	at net.wanghaifeng.com.PublicStaticMethod.captureScreenShot(PublicStaticMethod.java:132)
	at net.wanghaifeng.com.TestDriverAndroid.afterMethod(TestDriverAndroid.java:116)
... Removed 26 stack frames]]>
    </failure>
  </testcase> <!-- @AfterMethod afterMethod -->
  <testcase name="@AfterMethod afterMethod" time="0.0" classname="test10.yueni.android.myprofile.Test05MyProfilePage">
    <failure type="java.lang.NullPointerException">
      <![CDATA[java.lang.NullPointerException
	at org.openqa.selenium.remote.Augmenter.extractRemoteWebDriver(Augmenter.java:65)
	at org.openqa.selenium.remote.BaseAugmenter.augment(BaseAugmenter.java:110)
	at net.wanghaifeng.com.PublicStaticMethod.captureScreenShot(PublicStaticMethod.java:132)
	at net.wanghaifeng.com.TestDriverAndroid.afterMethod(TestDriverAndroid.java:116)
... Removed 26 stack frames]]>
    </failure>
  </testcase> <!-- @AfterMethod afterMethod -->
  <testcase name="@AfterMethod afterMethod" time="0.0" classname="test10.yueni.android.myprofile.Test05MyProfilePage">
    <failure type="java.lang.NullPointerException">
      <![CDATA[java.lang.NullPointerException
	at org.openqa.selenium.remote.Augmenter.extractRemoteWebDriver(Augmenter.java:65)
	at org.openqa.selenium.remote.BaseAugmenter.augment(BaseAugmenter.java:110)
	at net.wanghaifeng.com.PublicStaticMethod.captureScreenShot(PublicStaticMethod.java:132)
	at net.wanghaifeng.com.TestDriverAndroid.afterMethod(TestDriverAndroid.java:116)
... Removed 26 stack frames]]>
    </failure>
  </testcase> <!-- @AfterMethod afterMethod -->
  <testcase name="@AfterClass ResetTestApplication" time="0.0" classname="test10.yueni.android.myprofile.Test05MyProfilePage">
    <skipped/>
  </testcase> <!-- @AfterClass ResetTestApplication -->
  <testcase name="@BeforeClass OpenInitializationTestPage" time="0.0" classname="test10.yueni.android.myprofile.Test11ReceiveAddressPage">
    <skipped/>
  </testcase> <!-- @BeforeClass OpenInitializationTestPage -->
  <testcase name="@AfterMethod afterMethod" time="0.0" classname="test10.yueni.android.myprofile.Test11ReceiveAddressPage">
    <failure type="java.lang.NullPointerException">
      <![CDATA[java.lang.NullPointerException
	at org.openqa.selenium.remote.Augmenter.extractRemoteWebDriver(Augmenter.java:65)
	at org.openqa.selenium.remote.BaseAugmenter.augment(BaseAugmenter.java:110)
	at net.wanghaifeng.com.PublicStaticMethod.captureScreenShot(PublicStaticMethod.java:132)
	at net.wanghaifeng.com.TestDriverAndroid.afterMethod(TestDriverAndroid.java:116)
... Removed 26 stack frames]]>
    </failure>
  </testcase> <!-- @AfterMethod afterMethod -->
  <testcase name="@AfterMethod afterMethod" time="0.0" classname="test10.yueni.android.myprofile.Test11ReceiveAddressPage">
    <failure type="java.lang.NullPointerException">
      <![CDATA[java.lang.NullPointerException
	at org.openqa.selenium.remote.Augmenter.extractRemoteWebDriver(Augmenter.java:65)
	at org.openqa.selenium.remote.BaseAugmenter.augment(BaseAugmenter.java:110)
	at net.wanghaifeng.com.PublicStaticMethod.captureScreenShot(PublicStaticMethod.java:132)
	at net.wanghaifeng.com.TestDriverAndroid.afterMethod(TestDriverAndroid.java:116)
... Removed 25 stack frames]]>
    </failure>
  </testcase> <!-- @AfterMethod afterMethod -->
  <testcase name="@AfterClass ResetTestApplication" time="0.0" classname="test10.yueni.android.myprofile.Test11ReceiveAddressPage">
    <skipped/>
  </testcase> <!-- @AfterClass ResetTestApplication -->
  <testcase name="@BeforeClass OpenInitializationTestPage" time="0.0" classname="test10.yueni.android.myprofile.Test06UserCenterPage">
    <skipped/>
  </testcase> <!-- @BeforeClass OpenInitializationTestPage -->
  <testcase name="@AfterMethod afterMethod" time="0.0" classname="test10.yueni.android.myprofile.Test06UserCenterPage">
    <failure type="java.lang.NullPointerException">
      <![CDATA[java.lang.NullPointerException
	at org.openqa.selenium.remote.Augmenter.extractRemoteWebDriver(Augmenter.java:65)
	at org.openqa.selenium.remote.BaseAugmenter.augment(BaseAugmenter.java:110)
	at net.wanghaifeng.com.PublicStaticMethod.captureScreenShot(PublicStaticMethod.java:132)
	at net.wanghaifeng.com.TestDriverAndroid.afterMethod(TestDriverAndroid.java:116)
... Removed 25 stack frames]]>
    </failure>
  </testcase> <!-- @AfterMethod afterMethod -->
  <testcase name="@AfterMethod afterMethod" time="0.0" classname="test10.yueni.android.myprofile.Test06UserCenterPage">
    <failure type="java.lang.NullPointerException">
      <![CDATA[java.lang.NullPointerException
	at org.openqa.selenium.remote.Augmenter.extractRemoteWebDriver(Augmenter.java:65)
	at org.openqa.selenium.remote.BaseAugmenter.augment(BaseAugmenter.java:110)
	at net.wanghaifeng.com.PublicStaticMethod.captureScreenShot(PublicStaticMethod.java:132)
	at net.wanghaifeng.com.TestDriverAndroid.afterMethod(TestDriverAndroid.java:116)
... Removed 25 stack frames]]>
    </failure>
  </testcase> <!-- @AfterMethod afterMethod -->
  <testcase name="@AfterMethod afterMethod" time="0.0" classname="test10.yueni.android.myprofile.Test06UserCenterPage">
    <failure type="java.lang.NullPointerException">
      <![CDATA[java.lang.NullPointerException
	at org.openqa.selenium.remote.Augmenter.extractRemoteWebDriver(Augmenter.java:65)
	at org.openqa.selenium.remote.BaseAugmenter.augment(BaseAugmenter.java:110)
	at net.wanghaifeng.com.PublicStaticMethod.captureScreenShot(PublicStaticMethod.java:132)
	at net.wanghaifeng.com.TestDriverAndroid.afterMethod(TestDriverAndroid.java:116)
... Removed 25 stack frames]]>
    </failure>
  </testcase> <!-- @AfterMethod afterMethod -->
  <testcase name="@AfterMethod afterMethod" time="0.0" classname="test10.yueni.android.myprofile.Test06UserCenterPage">
    <failure type="java.lang.NullPointerException">
      <![CDATA[java.lang.NullPointerException
	at org.openqa.selenium.remote.Augmenter.extractRemoteWebDriver(Augmenter.java:65)
	at org.openqa.selenium.remote.BaseAugmenter.augment(BaseAugmenter.java:110)
	at net.wanghaifeng.com.PublicStaticMethod.captureScreenShot(PublicStaticMethod.java:132)
	at net.wanghaifeng.com.TestDriverAndroid.afterMethod(TestDriverAndroid.java:116)
... Removed 25 stack frames]]>
    </failure>
  </testcase> <!-- @AfterMethod afterMethod -->
  <testcase name="@AfterMethod afterMethod" time="0.0" classname="test10.yueni.android.myprofile.Test06UserCenterPage">
    <failure type="java.lang.NullPointerException">
      <![CDATA[java.lang.NullPointerException
	at org.openqa.selenium.remote.Augmenter.extractRemoteWebDriver(Augmenter.java:65)
	at org.openqa.selenium.remote.BaseAugmenter.augment(BaseAugmenter.java:110)
	at net.wanghaifeng.com.PublicStaticMethod.captureScreenShot(PublicStaticMethod.java:132)
	at net.wanghaifeng.com.TestDriverAndroid.afterMethod(TestDriverAndroid.java:116)
... Removed 25 stack frames]]>
    </failure>
  </testcase> <!-- @AfterMethod afterMethod -->
  <testcase name="@AfterMethod afterMethod" time="0.0" classname="test10.yueni.android.myprofile.Test06UserCenterPage">
    <failure type="java.lang.NullPointerException">
      <![CDATA[java.lang.NullPointerException
	at org.openqa.selenium.remote.Augmenter.extractRemoteWebDriver(Augmenter.java:65)
	at org.openqa.selenium.remote.BaseAugmenter.augment(BaseAugmenter.java:110)
	at net.wanghaifeng.com.PublicStaticMethod.captureScreenShot(PublicStaticMethod.java:132)
	at net.wanghaifeng.com.TestDriverAndroid.afterMethod(TestDriverAndroid.java:116)
... Removed 25 stack frames]]>
    </failure>
  </testcase> <!-- @AfterMethod afterMethod -->
  <testcase name="@AfterMethod afterMethod" time="0.0" classname="test10.yueni.android.myprofile.Test06UserCenterPage">
    <failure type="java.lang.NullPointerException">
      <![CDATA[java.lang.NullPointerException
	at org.openqa.selenium.remote.Augmenter.extractRemoteWebDriver(Augmenter.java:65)
	at org.openqa.selenium.remote.BaseAugmenter.augment(BaseAugmenter.java:110)
	at net.wanghaifeng.com.PublicStaticMethod.captureScreenShot(PublicStaticMethod.java:132)
	at net.wanghaifeng.com.TestDriverAndroid.afterMethod(TestDriverAndroid.java:116)
... Removed 25 stack frames]]>
    </failure>
  </testcase> <!-- @AfterMethod afterMethod -->
  <testcase name="@AfterMethod afterMethod" time="0.0" classname="test10.yueni.android.myprofile.Test06UserCenterPage">
    <failure type="java.lang.NullPointerException">
      <![CDATA[java.lang.NullPointerException
	at org.openqa.selenium.remote.Augmenter.extractRemoteWebDriver(Augmenter.java:65)
	at org.openqa.selenium.remote.BaseAugmenter.augment(BaseAugmenter.java:110)
	at net.wanghaifeng.com.PublicStaticMethod.captureScreenShot(PublicStaticMethod.java:132)
	at net.wanghaifeng.com.TestDriverAndroid.afterMethod(TestDriverAndroid.java:116)
... Removed 25 stack frames]]>
    </failure>
  </testcase> <!-- @AfterMethod afterMethod -->
  <testcase name="@AfterMethod afterMethod" time="0.0" classname="test10.yueni.android.myprofile.Test06UserCenterPage">
    <failure type="java.lang.NullPointerException">
      <![CDATA[java.lang.NullPointerException
	at org.openqa.selenium.remote.Augmenter.extractRemoteWebDriver(Augmenter.java:65)
	at org.openqa.selenium.remote.BaseAugmenter.augment(BaseAugmenter.java:110)
	at net.wanghaifeng.com.PublicStaticMethod.captureScreenShot(PublicStaticMethod.java:132)
	at net.wanghaifeng.com.TestDriverAndroid.afterMethod(TestDriverAndroid.java:116)
... Removed 25 stack frames]]>
    </failure>
  </testcase> <!-- @AfterMethod afterMethod -->
  <testcase name="@AfterMethod afterMethod" time="0.0" classname="test10.yueni.android.myprofile.Test06UserCenterPage">
    <failure type="java.lang.NullPointerException">
      <![CDATA[java.lang.NullPointerException
	at org.openqa.selenium.remote.Augmenter.extractRemoteWebDriver(Augmenter.java:65)
	at org.openqa.selenium.remote.BaseAugmenter.augment(BaseAugmenter.java:110)
	at net.wanghaifeng.com.PublicStaticMethod.captureScreenShot(PublicStaticMethod.java:132)
	at net.wanghaifeng.com.TestDriverAndroid.afterMethod(TestDriverAndroid.java:116)
... Removed 25 stack frames]]>
    </failure>
  </testcase> <!-- @AfterMethod afterMethod -->
  <testcase name="@AfterMethod afterMethod" time="0.0" classname="test10.yueni.android.myprofile.Test06UserCenterPage">
    <failure type="java.lang.NullPointerException">
      <![CDATA[java.lang.NullPointerException
	at org.openqa.selenium.remote.Augmenter.extractRemoteWebDriver(Augmenter.java:65)
	at org.openqa.selenium.remote.BaseAugmenter.augment(BaseAugmenter.java:110)
	at net.wanghaifeng.com.PublicStaticMethod.captureScreenShot(PublicStaticMethod.java:132)
	at net.wanghaifeng.com.TestDriverAndroid.afterMethod(TestDriverAndroid.java:116)
... Removed 25 stack frames]]>
    </failure>
  </testcase> <!-- @AfterMethod afterMethod -->
  <testcase name="@AfterMethod afterMethod" time="0.0" classname="test10.yueni.android.myprofile.Test06UserCenterPage">
    <failure type="java.lang.NullPointerException">
      <![CDATA[java.lang.NullPointerException
	at org.openqa.selenium.remote.Augmenter.extractRemoteWebDriver(Augmenter.java:65)
	at org.openqa.selenium.remote.BaseAugmenter.augment(BaseAugmenter.java:110)
	at net.wanghaifeng.com.PublicStaticMethod.captureScreenShot(PublicStaticMethod.java:132)
	at net.wanghaifeng.com.TestDriverAndroid.afterMethod(TestDriverAndroid.java:116)
... Removed 25 stack frames]]>
    </failure>
  </testcase> <!-- @AfterMethod afterMethod -->
  <testcase name="@AfterMethod afterMethod" time="0.0" classname="test10.yueni.android.myprofile.Test06UserCenterPage">
    <failure type="java.lang.NullPointerException">
      <![CDATA[java.lang.NullPointerException
	at org.openqa.selenium.remote.Augmenter.extractRemoteWebDriver(Augmenter.java:65)
	at org.openqa.selenium.remote.BaseAugmenter.augment(BaseAugmenter.java:110)
	at net.wanghaifeng.com.PublicStaticMethod.captureScreenShot(PublicStaticMethod.java:132)
	at net.wanghaifeng.com.TestDriverAndroid.afterMethod(TestDriverAndroid.java:116)
... Removed 25 stack frames]]>
    </failure>
  </testcase> <!-- @AfterMethod afterMethod -->
  <testcase name="@AfterMethod afterMethod" time="0.0" classname="test10.yueni.android.myprofile.Test06UserCenterPage">
    <failure type="java.lang.NullPointerException">
      <![CDATA[java.lang.NullPointerException
	at org.openqa.selenium.remote.Augmenter.extractRemoteWebDriver(Augmenter.java:65)
	at org.openqa.selenium.remote.BaseAugmenter.augment(BaseAugmenter.java:110)
	at net.wanghaifeng.com.PublicStaticMethod.captureScreenShot(PublicStaticMethod.java:132)
	at net.wanghaifeng.com.TestDriverAndroid.afterMethod(TestDriverAndroid.java:116)
... Removed 25 stack frames]]>
    </failure>
  </testcase> <!-- @AfterMethod afterMethod -->
  <testcase name="@AfterClass ResetTestApplication" time="0.0" classname="test10.yueni.android.myprofile.Test06UserCenterPage">
    <skipped/>
  </testcase> <!-- @AfterClass ResetTestApplication -->
  <testcase name="@BeforeClass OpenInitializationTestPage" time="0.0" classname="test10.yueni.android.myprofile.Test14EditUserInfoPage">
    <skipped/>
  </testcase> <!-- @BeforeClass OpenInitializationTestPage -->
  <testcase name="@AfterMethod afterMethod" time="0.0" classname="test10.yueni.android.myprofile.Test14EditUserInfoPage">
    <failure type="java.lang.NullPointerException">
      <![CDATA[java.lang.NullPointerException
	at org.openqa.selenium.remote.Augmenter.extractRemoteWebDriver(Augmenter.java:65)
	at org.openqa.selenium.remote.BaseAugmenter.augment(BaseAugmenter.java:110)
	at net.wanghaifeng.com.PublicStaticMethod.captureScreenShot(PublicStaticMethod.java:132)
	at net.wanghaifeng.com.TestDriverAndroid.afterMethod(TestDriverAndroid.java:116)
... Removed 25 stack frames]]>
    </failure>
  </testcase> <!-- @AfterMethod afterMethod -->
  <testcase name="@AfterMethod afterMethod" time="0.0" classname="test10.yueni.android.myprofile.Test14EditUserInfoPage">
    <failure type="java.lang.NullPointerException">
      <![CDATA[java.lang.NullPointerException
	at org.openqa.selenium.remote.Augmenter.extractRemoteWebDriver(Augmenter.java:65)
	at org.openqa.selenium.remote.BaseAugmenter.augment(BaseAugmenter.java:110)
	at net.wanghaifeng.com.PublicStaticMethod.captureScreenShot(PublicStaticMethod.java:132)
	at net.wanghaifeng.com.TestDriverAndroid.afterMethod(TestDriverAndroid.java:116)
... Removed 25 stack frames]]>
    </failure>
  </testcase> <!-- @AfterMethod afterMethod -->
  <testcase name="@AfterMethod afterMethod" time="0.0" classname="test10.yueni.android.myprofile.Test14EditUserInfoPage">
    <failure type="java.lang.NullPointerException">
      <![CDATA[java.lang.NullPointerException
	at org.openqa.selenium.remote.Augmenter.extractRemoteWebDriver(Augmenter.java:65)
	at org.openqa.selenium.remote.BaseAugmenter.augment(BaseAugmenter.java:110)
	at net.wanghaifeng.com.PublicStaticMethod.captureScreenShot(PublicStaticMethod.java:132)
	at net.wanghaifeng.com.TestDriverAndroid.afterMethod(TestDriverAndroid.java:116)
... Removed 25 stack frames]]>
    </failure>
  </testcase> <!-- @AfterMethod afterMethod -->
  <testcase name="@AfterMethod afterMethod" time="0.0" classname="test10.yueni.android.myprofile.Test14EditUserInfoPage">
    <failure type="java.lang.NullPointerException">
      <![CDATA[java.lang.NullPointerException
	at org.openqa.selenium.remote.Augmenter.extractRemoteWebDriver(Augmenter.java:65)
	at org.openqa.selenium.remote.BaseAugmenter.augment(BaseAugmenter.java:110)
	at net.wanghaifeng.com.PublicStaticMethod.captureScreenShot(PublicStaticMethod.java:132)
	at net.wanghaifeng.com.TestDriverAndroid.afterMethod(TestDriverAndroid.java:116)
... Removed 25 stack frames]]>
    </failure>
  </testcase> <!-- @AfterMethod afterMethod -->
  <testcase name="@AfterMethod afterMethod" time="0.0" classname="test10.yueni.android.myprofile.Test14EditUserInfoPage">
    <failure type="java.lang.NullPointerException">
      <![CDATA[java.lang.NullPointerException
	at org.openqa.selenium.remote.Augmenter.extractRemoteWebDriver(Augmenter.java:65)
	at org.openqa.selenium.remote.BaseAugmenter.augment(BaseAugmenter.java:110)
	at net.wanghaifeng.com.PublicStaticMethod.captureScreenShot(PublicStaticMethod.java:132)
	at net.wanghaifeng.com.TestDriverAndroid.afterMethod(TestDriverAndroid.java:116)
... Removed 25 stack frames]]>
    </failure>
  </testcase> <!-- @AfterMethod afterMethod -->
  <testcase name="@AfterMethod afterMethod" time="0.0" classname="test10.yueni.android.myprofile.Test14EditUserInfoPage">
    <failure type="java.lang.NullPointerException">
      <![CDATA[java.lang.NullPointerException
	at org.openqa.selenium.remote.Augmenter.extractRemoteWebDriver(Augmenter.java:65)
	at org.openqa.selenium.remote.BaseAugmenter.augment(BaseAugmenter.java:110)
	at net.wanghaifeng.com.PublicStaticMethod.captureScreenShot(PublicStaticMethod.java:132)
	at net.wanghaifeng.com.TestDriverAndroid.afterMethod(TestDriverAndroid.java:116)
... Removed 25 stack frames]]>
    </failure>
  </testcase> <!-- @AfterMethod afterMethod -->
  <testcase name="@AfterMethod afterMethod" time="0.0" classname="test10.yueni.android.myprofile.Test14EditUserInfoPage">
    <failure type="java.lang.NullPointerException">
      <![CDATA[java.lang.NullPointerException
	at org.openqa.selenium.remote.Augmenter.extractRemoteWebDriver(Augmenter.java:65)
	at org.openqa.selenium.remote.BaseAugmenter.augment(BaseAugmenter.java:110)
	at net.wanghaifeng.com.PublicStaticMethod.captureScreenShot(PublicStaticMethod.java:132)
	at net.wanghaifeng.com.TestDriverAndroid.afterMethod(TestDriverAndroid.java:116)
... Removed 25 stack frames]]>
    </failure>
  </testcase> <!-- @AfterMethod afterMethod -->
  <testcase name="@AfterMethod afterMethod" time="0.0" classname="test10.yueni.android.myprofile.Test14EditUserInfoPage">
    <failure type="java.lang.NullPointerException">
      <![CDATA[java.lang.NullPointerException
	at org.openqa.selenium.remote.Augmenter.extractRemoteWebDriver(Augmenter.java:65)
	at org.openqa.selenium.remote.BaseAugmenter.augment(BaseAugmenter.java:110)
	at net.wanghaifeng.com.PublicStaticMethod.captureScreenShot(PublicStaticMethod.java:132)
	at net.wanghaifeng.com.TestDriverAndroid.afterMethod(TestDriverAndroid.java:116)
... Removed 25 stack frames]]>
    </failure>
  </testcase> <!-- @AfterMethod afterMethod -->
  <testcase name="@AfterClass ResetTestApplication" time="0.0" classname="test10.yueni.android.myprofile.Test14EditUserInfoPage">
    <skipped/>
  </testcase> <!-- @AfterClass ResetTestApplication -->
  <testcase name="@BeforeClass OpenInitializationTestPage" time="0.0" classname="test10.yueni.android.myprofile.Test07SystemSettingPage">
    <skipped/>
  </testcase> <!-- @BeforeClass OpenInitializationTestPage -->
  <testcase name="@AfterMethod afterMethod" time="0.0" classname="test10.yueni.android.myprofile.Test07SystemSettingPage">
    <failure type="java.lang.NullPointerException">
      <![CDATA[java.lang.NullPointerException
	at org.openqa.selenium.remote.Augmenter.extractRemoteWebDriver(Augmenter.java:65)
	at org.openqa.selenium.remote.BaseAugmenter.augment(BaseAugmenter.java:110)
	at net.wanghaifeng.com.PublicStaticMethod.captureScreenShot(PublicStaticMethod.java:132)
	at net.wanghaifeng.com.TestDriverAndroid.afterMethod(TestDriverAndroid.java:116)
... Removed 25 stack frames]]>
    </failure>
  </testcase> <!-- @AfterMethod afterMethod -->
  <testcase name="@AfterMethod afterMethod" time="0.0" classname="test10.yueni.android.myprofile.Test07SystemSettingPage">
    <failure type="java.lang.NullPointerException">
      <![CDATA[java.lang.NullPointerException
	at org.openqa.selenium.remote.Augmenter.extractRemoteWebDriver(Augmenter.java:65)
	at org.openqa.selenium.remote.BaseAugmenter.augment(BaseAugmenter.java:110)
	at net.wanghaifeng.com.PublicStaticMethod.captureScreenShot(PublicStaticMethod.java:132)
	at net.wanghaifeng.com.TestDriverAndroid.afterMethod(TestDriverAndroid.java:116)
... Removed 25 stack frames]]>
    </failure>
  </testcase> <!-- @AfterMethod afterMethod -->
  <testcase name="@AfterMethod afterMethod" time="0.0" classname="test10.yueni.android.myprofile.Test07SystemSettingPage">
    <failure type="java.lang.NullPointerException">
      <![CDATA[java.lang.NullPointerException
	at org.openqa.selenium.remote.Augmenter.extractRemoteWebDriver(Augmenter.java:65)
	at org.openqa.selenium.remote.BaseAugmenter.augment(BaseAugmenter.java:110)
	at net.wanghaifeng.com.PublicStaticMethod.captureScreenShot(PublicStaticMethod.java:132)
	at net.wanghaifeng.com.TestDriverAndroid.afterMethod(TestDriverAndroid.java:116)
... Removed 25 stack frames]]>
    </failure>
  </testcase> <!-- @AfterMethod afterMethod -->
  <testcase name="@AfterMethod afterMethod" time="0.0" classname="test10.yueni.android.myprofile.Test07SystemSettingPage">
    <failure type="java.lang.NullPointerException">
      <![CDATA[java.lang.NullPointerException
	at org.openqa.selenium.remote.Augmenter.extractRemoteWebDriver(Augmenter.java:65)
	at org.openqa.selenium.remote.BaseAugmenter.augment(BaseAugmenter.java:110)
	at net.wanghaifeng.com.PublicStaticMethod.captureScreenShot(PublicStaticMethod.java:132)
	at net.wanghaifeng.com.TestDriverAndroid.afterMethod(TestDriverAndroid.java:116)
... Removed 25 stack frames]]>
    </failure>
  </testcase> <!-- @AfterMethod afterMethod -->
  <testcase name="@AfterMethod afterMethod" time="0.0" classname="test10.yueni.android.myprofile.Test07SystemSettingPage">
    <failure type="java.lang.NullPointerException">
      <![CDATA[java.lang.NullPointerException
	at org.openqa.selenium.remote.Augmenter.extractRemoteWebDriver(Augmenter.java:65)
	at org.openqa.selenium.remote.BaseAugmenter.augment(BaseAugmenter.java:110)
	at net.wanghaifeng.com.PublicStaticMethod.captureScreenShot(PublicStaticMethod.java:132)
	at net.wanghaifeng.com.TestDriverAndroid.afterMethod(TestDriverAndroid.java:116)
... Removed 25 stack frames]]>
    </failure>
  </testcase> <!-- @AfterMethod afterMethod -->
  <testcase name="@AfterMethod afterMethod" time="0.0" classname="test10.yueni.android.myprofile.Test07SystemSettingPage">
    <failure type="java.lang.NullPointerException">
      <![CDATA[java.lang.NullPointerException
	at org.openqa.selenium.remote.Augmenter.extractRemoteWebDriver(Augmenter.java:65)
	at org.openqa.selenium.remote.BaseAugmenter.augment(BaseAugmenter.java:110)
	at net.wanghaifeng.com.PublicStaticMethod.captureScreenShot(PublicStaticMethod.java:132)
	at net.wanghaifeng.com.TestDriverAndroid.afterMethod(TestDriverAndroid.java:116)
... Removed 25 stack frames]]>
    </failure>
  </testcase> <!-- @AfterMethod afterMethod -->
  <testcase name="@AfterMethod afterMethod" time="0.0" classname="test10.yueni.android.myprofile.Test07SystemSettingPage">
    <failure type="java.lang.NullPointerException">
      <![CDATA[java.lang.NullPointerException
	at org.openqa.selenium.remote.Augmenter.extractRemoteWebDriver(Augmenter.java:65)
	at org.openqa.selenium.remote.BaseAugmenter.augment(BaseAugmenter.java:110)
	at net.wanghaifeng.com.PublicStaticMethod.captureScreenShot(PublicStaticMethod.java:132)
	at net.wanghaifeng.com.TestDriverAndroid.afterMethod(TestDriverAndroid.java:116)
... Removed 25 stack frames]]>
    </failure>
  </testcase> <!-- @AfterMethod afterMethod -->
  <testcase name="@AfterMethod afterMethod" time="0.0" classname="test10.yueni.android.myprofile.Test07SystemSettingPage">
    <failure type="java.lang.NullPointerException">
      <![CDATA[java.lang.NullPointerException
	at org.openqa.selenium.remote.Augmenter.extractRemoteWebDriver(Augmenter.java:65)
	at org.openqa.selenium.remote.BaseAugmenter.augment(BaseAugmenter.java:110)
	at net.wanghaifeng.com.PublicStaticMethod.captureScreenShot(PublicStaticMethod.java:132)
	at net.wanghaifeng.com.TestDriverAndroid.afterMethod(TestDriverAndroid.java:116)
... Removed 25 stack frames]]>
    </failure>
  </testcase> <!-- @AfterMethod afterMethod -->
  <testcase name="@AfterMethod afterMethod" time="0.0" classname="test10.yueni.android.myprofile.Test07SystemSettingPage">
    <failure type="java.lang.NullPointerException">
      <![CDATA[java.lang.NullPointerException
	at org.openqa.selenium.remote.Augmenter.extractRemoteWebDriver(Augmenter.java:65)
	at org.openqa.selenium.remote.BaseAugmenter.augment(BaseAugmenter.java:110)
	at net.wanghaifeng.com.PublicStaticMethod.captureScreenShot(PublicStaticMethod.java:132)
	at net.wanghaifeng.com.TestDriverAndroid.afterMethod(TestDriverAndroid.java:116)
... Removed 25 stack frames]]>
    </failure>
  </testcase> <!-- @AfterMethod afterMethod -->
  <testcase name="@AfterMethod afterMethod" time="0.0" classname="test10.yueni.android.myprofile.Test07SystemSettingPage">
    <failure type="java.lang.NullPointerException">
      <![CDATA[java.lang.NullPointerException
	at org.openqa.selenium.remote.Augmenter.extractRemoteWebDriver(Augmenter.java:65)
	at org.openqa.selenium.remote.BaseAugmenter.augment(BaseAugmenter.java:110)
	at net.wanghaifeng.com.PublicStaticMethod.captureScreenShot(PublicStaticMethod.java:132)
	at net.wanghaifeng.com.TestDriverAndroid.afterMethod(TestDriverAndroid.java:116)
... Removed 25 stack frames]]>
    </failure>
  </testcase> <!-- @AfterMethod afterMethod -->
  <testcase name="@AfterClass ResetTestApplication" time="0.0" classname="test10.yueni.android.myprofile.Test07SystemSettingPage">
    <skipped/>
  </testcase> <!-- @AfterClass ResetTestApplication -->
  <testcase name="@AfterTest TestFir03stRunCompareLogFileTest" time="0.0" classname="test06.yueni.android.base.Test00AutoTestBase">
    <skipped/>
  </testcase> <!-- @AfterTest TestFir03stRunCompareLogFileTest -->
  <testcase name="TestFir01stInitTestData" time="0.0" classname="test06.yueni.android.base.Test00AutoTestBase">
    <skipped/>
  </testcase> <!-- TestFir01stInitTestData -->
  <testcase name="TestFir02stInitTestApp" time="0.0" classname="test06.yueni.android.base.Test00AutoTestBase">
    <skipped/>
  </testcase> <!-- TestFir02stInitTestApp -->
  <testcase name="TestFir01stClickMobileRegisterButton" time="0.0" classname="test10.yueni.android.myprofile.Test09UserRegisterPage">
    <skipped/>
  </testcase> <!-- TestFir01stClickMobileRegisterButton -->
  <testcase name="TestFir02stClickGetVerificationCode" time="0.0" classname="test10.yueni.android.myprofile.Test09UserRegisterPage">
    <skipped/>
  </testcase> <!-- TestFir02stClickGetVerificationCode -->
  <testcase name="TestFir03stSelectUserFace" time="0.0" classname="test10.yueni.android.myprofile.Test09UserRegisterPage">
    <skipped/>
  </testcase> <!-- TestFir03stSelectUserFace -->
  <testcase name="TestFir01stClickExperience" time="0.0" classname="test10.yueni.android.myprofile.Test05MyProfilePage">
    <skipped/>
  </testcase> <!-- TestFir01stClickExperience -->
  <testcase name="TestFir02stClickOpenUpgraderRule" time="0.001" classname="test10.yueni.android.myprofile.Test05MyProfilePage">
    <skipped/>
  </testcase> <!-- TestFir02stClickOpenUpgraderRule -->
  <testcase name="TestFir03stClickSetMyAddress" time="0.001" classname="test10.yueni.android.myprofile.Test05MyProfilePage">
    <skipped/>
  </testcase> <!-- TestFir03stClickSetMyAddress -->
  <testcase name="TestFir04stClickBandingNum" time="0.001" classname="test10.yueni.android.myprofile.Test05MyProfilePage">
    <skipped/>
  </testcase> <!-- TestFir04stClickBandingNum -->
  <testcase name="TestFir05stClickMenstruationAssistant" time="0.0" classname="test10.yueni.android.myprofile.Test05MyProfilePage">
    <skipped/>
  </testcase> <!-- TestFir05stClickMenstruationAssistant -->
  <testcase name="TestFir07stClickMySubscribe" time="0.0" classname="test10.yueni.android.myprofile.Test05MyProfilePage">
    <skipped/>
  </testcase> <!-- TestFir07stClickMySubscribe -->
  <testcase name="TestFir08stClickMyCollection" time="0.0" classname="test10.yueni.android.myprofile.Test05MyProfilePage">
    <skipped/>
  </testcase> <!-- TestFir08stClickMyCollection -->
  <testcase name="TestFir09stClickBindSocailPlatform" time="0.001" classname="test10.yueni.android.myprofile.Test05MyProfilePage">
    <skipped/>
  </testcase> <!-- TestFir09stClickBindSocailPlatform -->
  <testcase name="TestFir10stClickSystemSettingPage" time="0.001" classname="test10.yueni.android.myprofile.Test05MyProfilePage">
    <skipped/>
  </testcase> <!-- TestFir10stClickSystemSettingPage -->
  <testcase name="TestFir11stClickTestAfterMethod" time="0.0" classname="test10.yueni.android.myprofile.Test05MyProfilePage">
    <skipped/>
  </testcase> <!-- TestFir11stClickTestAfterMethod -->
  <testcase name="TestFir01stAddReceivingAddress" time="0.001" classname="test10.yueni.android.myprofile.Test11ReceiveAddressPage">
    <skipped/>
  </testcase> <!-- TestFir01stAddReceivingAddress -->
  <testcase name="TestFir02stEditReceivingAddress" time="0.0" classname="test10.yueni.android.myprofile.Test11ReceiveAddressPage">
    <skipped/>
  </testcase> <!-- TestFir02stEditReceivingAddress -->
  <testcase name="TestFir01stClickEveryDaySign" time="0.0" classname="test10.yueni.android.myprofile.Test06UserCenterPage">
    <skipped/>
  </testcase> <!-- TestFir01stClickEveryDaySign -->
  <testcase name="TestFir02stClickAttentionButton" time="0.0" classname="test10.yueni.android.myprofile.Test06UserCenterPage">
    <skipped/>
  </testcase> <!-- TestFir02stClickAttentionButton -->
  <testcase name="TestFir03stClickFollowerButton" time="0.0" classname="test10.yueni.android.myprofile.Test06UserCenterPage">
    <skipped/>
  </testcase> <!-- TestFir03stClickFollowerButton -->
  <testcase name="TestFir04stClickPostButton" time="0.0" classname="test10.yueni.android.myprofile.Test06UserCenterPage">
    <skipped/>
  </testcase> <!-- TestFir04stClickPostButton -->
  <testcase name="TestFir05stClickEditUserInfoButton" time="0.0" classname="test10.yueni.android.myprofile.Test06UserCenterPage">
    <skipped/>
  </testcase> <!-- TestFir05stClickEditUserInfoButton -->
  <testcase name="TestFir06stClickOpenUserCenterPage" time="0.001" classname="test10.yueni.android.myprofile.Test06UserCenterPage">
    <skipped/>
  </testcase> <!-- TestFir06stClickOpenUserCenterPage -->
  <testcase name="TestFir07stClickUserCenterAttentionButton" time="0.002" classname="test10.yueni.android.myprofile.Test06UserCenterPage">
    <skipped/>
  </testcase> <!-- TestFir07stClickUserCenterAttentionButton -->
  <testcase name="TestFir08stClickUserCenterAttentionList" time="0.001" classname="test10.yueni.android.myprofile.Test06UserCenterPage">
    <skipped/>
  </testcase> <!-- TestFir08stClickUserCenterAttentionList -->
  <testcase name="TestFir09stClickUserCenterFollowerButton" time="0.0" classname="test10.yueni.android.myprofile.Test06UserCenterPage">
    <skipped/>
  </testcase> <!-- TestFir09stClickUserCenterFollowerButton -->
  <testcase name="TestFir10stClickUserCenterFollowerList" time="0.0" classname="test10.yueni.android.myprofile.Test06UserCenterPage">
    <skipped/>
  </testcase> <!-- TestFir10stClickUserCenterFollowerList -->
  <testcase name="TestFir11stClickMyFansUserFace" time="0.0" classname="test10.yueni.android.myprofile.Test06UserCenterPage">
    <skipped/>
  </testcase> <!-- TestFir11stClickMyFansUserFace -->
  <testcase name="TestFir12stClickAttentionMyFans" time="0.0" classname="test10.yueni.android.myprofile.Test06UserCenterPage">
    <skipped/>
  </testcase> <!-- TestFir12stClickAttentionMyFans -->
  <testcase name="TestFir13stClickUserCenterEditUserInfoButton" time="0.0" classname="test10.yueni.android.myprofile.Test06UserCenterPage">
    <skipped/>
  </testcase> <!-- TestFir13stClickUserCenterEditUserInfoButton -->
  <testcase name="TestFir14stClickTestAfterMethod" time="0.0" classname="test10.yueni.android.myprofile.Test06UserCenterPage">
    <skipped/>
  </testcase> <!-- TestFir14stClickTestAfterMethod -->
  <testcase name="TestFir01stClickModifyUserFace" time="0.0" classname="test10.yueni.android.myprofile.Test14EditUserInfoPage">
    <skipped/>
  </testcase> <!-- TestFir01stClickModifyUserFace -->
  <testcase name="TestFir02stClickModifyUserFace" time="0.0" classname="test10.yueni.android.myprofile.Test14EditUserInfoPage">
    <skipped/>
  </testcase> <!-- TestFir02stClickModifyUserFace -->
  <testcase name="TestFir03stClickAnPhotoFromUserAlbum" time="0.0" classname="test10.yueni.android.myprofile.Test14EditUserInfoPage">
    <skipped/>
  </testcase> <!-- TestFir03stClickAnPhotoFromUserAlbum -->
  <testcase name="TestFir04stClickAfterSelectPhotoToClickNext" time="0.0" classname="test10.yueni.android.myprofile.Test14EditUserInfoPage">
    <skipped/>
  </testcase> <!-- TestFir04stClickAfterSelectPhotoToClickNext -->
  <testcase name="TestFir05stClickModifyUserNickName" time="0.001" classname="test10.yueni.android.myprofile.Test14EditUserInfoPage">
    <skipped/>
  </testcase> <!-- TestFir05stClickModifyUserNickName -->
  <testcase name="TestFir06stClickModifyUserSex" time="0.0" classname="test10.yueni.android.myprofile.Test14EditUserInfoPage">
    <skipped/>
  </testcase> <!-- TestFir06stClickModifyUserSex -->
  <testcase name="TestFir07stClickModifyUserSignature" time="0.0" classname="test10.yueni.android.myprofile.Test14EditUserInfoPage">
    <skipped/>
  </testcase> <!-- TestFir07stClickModifyUserSignature -->
  <testcase name="TestFir08stClickModifyUserAddress" time="0.001" classname="test10.yueni.android.myprofile.Test14EditUserInfoPage">
    <skipped/>
  </testcase> <!-- TestFir08stClickModifyUserAddress -->
  <testcase name="TestFir01stClickEditUserInfo" time="0.001" classname="test10.yueni.android.myprofile.Test07SystemSettingPage">
    <skipped/>
  </testcase> <!-- TestFir01stClickEditUserInfo -->
  <testcase name="TestFir02stClickModifyUserPassword" time="0.001" classname="test10.yueni.android.myprofile.Test07SystemSettingPage">
    <skipped/>
  </testcase> <!-- TestFir02stClickModifyUserPassword -->
  <testcase name="TestFir03stClickModifyUserPassword" time="0.0" classname="test10.yueni.android.myprofile.Test07SystemSettingPage">
    <skipped/>
  </testcase> <!-- TestFir03stClickModifyUserPassword -->
  <testcase name="TestFir04stClickOpenMessageCenterSet" time="0.0" classname="test10.yueni.android.myprofile.Test07SystemSettingPage">
    <skipped/>
  </testcase> <!-- TestFir04stClickOpenMessageCenterSet -->
  <testcase name="TestFir05stClickImageQualitySetting" time="0.0" classname="test10.yueni.android.myprofile.Test07SystemSettingPage">
    <skipped/>
  </testcase> <!-- TestFir05stClickImageQualitySetting -->
  <testcase name="TestFir08stClickOpenFeedback" time="0.0" classname="test10.yueni.android.myprofile.Test07SystemSettingPage">
    <skipped/>
  </testcase> <!-- TestFir08stClickOpenFeedback -->
  <testcase name="TestFir09stClickOpenFeedback" time="0.0" classname="test10.yueni.android.myprofile.Test07SystemSettingPage">
    <skipped/>
  </testcase> <!-- TestFir09stClickOpenFeedback -->
  <testcase name="TestFir10stClickOpenAboutUs" time="0.0" classname="test10.yueni.android.myprofile.Test07SystemSettingPage">
    <skipped/>
  </testcase> <!-- TestFir10stClickOpenAboutUs -->
  <testcase name="TestFir11stClickShareAppToFriend" time="0.0" classname="test10.yueni.android.myprofile.Test07SystemSettingPage">
    <skipped/>
  </testcase> <!-- TestFir11stClickShareAppToFriend -->
  <testcase name="TestFir12stClickUserExitLogout" time="0.0" classname="test10.yueni.android.myprofile.Test07SystemSettingPage">
    <skipped/>
  </testcase> <!-- TestFir12stClickUserExitLogout -->
</testsuite> <!-- myModuleTest -->
