<?xml version="1.0" encoding="UTF-8"?>
<testsuite name="ChinaSkinAllTestCase"
           tests="10"
           failures="0"
           errors="0"
           skipped="10"
           time="0.002">
  <properties />
  
            <testcase name="ResetTestApplication" time="0.0" classname="test05.yueni.ios.myprofile.Test05MyProfilePage">
          <skipped />
    </testcase>
            <testcase name="OpenInitializationTestPage" time="0.0" classname="test05.yueni.ios.myprofile.Test05MyProfilePage">
          <skipped />
    </testcase>
            <testcase name="TestFir01stClickExperience" time="0.0" classname="test05.yueni.ios.myprofile.Test05MyProfilePage">
          <skipped />
    </testcase>
            <testcase name="TestFir03stClickBandingNum" time="0.0" classname="test05.yueni.ios.myprofile.Test05MyProfilePage">
          <skipped />
    </testcase>
            <testcase name="TestFir02stClickSetMyAddress" time="0.0" classname="test05.yueni.ios.myprofile.Test05MyProfilePage">
          <skipped />
    </testcase>
            <testcase name="TestFir04stClickMenstruationAssistant" time="0.0" classname="test05.yueni.ios.myprofile.Test05MyProfilePage">
          <skipped />
    </testcase>
            <testcase name="TestFir07stClickBindSocailPlatform" time="0.0" classname="test05.yueni.ios.myprofile.Test05MyProfilePage">
          <skipped />
    </testcase>
            <testcase name="TestFir05stClickMySubscribe" time="0.0" classname="test05.yueni.ios.myprofile.Test05MyProfilePage">
          <skipped />
    </testcase>
            <testcase name="TestFir06stClickMyCollection" time="0.0" classname="test05.yueni.ios.myprofile.Test05MyProfilePage">
          <skipped />
    </testcase>
            <testcase name="TestFir08stClickSystemSettingPage" time="0.0" classname="test05.yueni.ios.myprofile.Test05MyProfilePage">
          <skipped />
    </testcase>
  
  
</testsuite>
