<?xml version="1.0" encoding="UTF-8"?>
<testsuite name="AllTest_02_OtherFunctionalPage"
           tests="4"
           failures="0"
           errors="0"
           skipped="0"
           time="51.315">
  <properties />
  
  
            <testcase name="TestFir01stInputMobileIphoneNum" time="9.236" classname="test10.yueni.android.myprofile.Test10ForgetPasswordPage" />
                <testcase name="TestFir02stInputverificationCode" time="7.022" classname="test10.yueni.android.myprofile.Test10ForgetPasswordPage" />
                <testcase name="TestFir03stInputUserPwd" time="16.216" classname="test10.yueni.android.myprofile.Test10ForgetPasswordPage" />
                <testcase name="TestFir04stClickLoginButton" time="18.841" classname="test10.yueni.android.myprofile.Test10ForgetPasswordPage" />
      
</testsuite>
