<?xml version="1.0" encoding="UTF-8"?>
<testsuite name="ChinaSkinAllTestCase"
           tests="4"
           failures="0"
           errors="0"
           skipped="4"
           time="0.002">
  <properties />
  
            <testcase name="ResetTestApplication" time="0.0" classname="test05.yueni.ios.myprofile.Test10ForgetPasswordPage">
          <skipped />
    </testcase>
            <testcase name="OpenInitializationTestPage" time="0.0" classname="test05.yueni.ios.myprofile.Test10ForgetPasswordPage">
          <skipped />
    </testcase>
            <testcase name="TestFir02stClickLoginButton" time="0.0" classname="test05.yueni.ios.myprofile.Test10ForgetPasswordPage">
          <skipped />
    </testcase>
            <testcase name="TestFir01stCommitUserRegister" time="0.0" classname="test05.yueni.ios.myprofile.Test10ForgetPasswordPage">
          <skipped />
    </testcase>
  
  
</testsuite>
