<?xml version="1.0" encoding="UTF-8"?>
<testsuite name="AllTest_02_OtherFunctionalPage"
           tests="8"
           failures="0"
           errors="0"
           skipped="0"
           time="22.172">
  <properties />
  
  
            <testcase name="TestFir07stClickBackNowMonth" time="0.829" classname="test10.yueni.android.myprofile.Test12MenstruationAssistantPage" />
                <testcase name="TestFir05stClickMenstruationAnalysis" time="4.477" classname="test10.yueni.android.myprofile.Test12MenstruationAssistantPage" />
                <testcase name="TestFir06stBrowseMenstruation" time="0.161" classname="test10.yueni.android.myprofile.Test12MenstruationAssistantPage" />
                <testcase name="TestFir04stOpenMenstruationCalendar" time="0.332" classname="test10.yueni.android.myprofile.Test12MenstruationAssistantPage" />
                <testcase name="TestFir08stClickUpdateMenstruationCalendar" time="1.844" classname="test10.yueni.android.myprofile.Test12MenstruationAssistantPage" />
                <testcase name="TestFir03stClickModifyMenstruationPara" time="3.930" classname="test10.yueni.android.myprofile.Test12MenstruationAssistantPage" />
                <testcase name="TestFir02stClickOpenMenstruationCalendar" time="5.072" classname="test10.yueni.android.myprofile.Test12MenstruationAssistantPage" />
                <testcase name="TestFir01stClickSetInitMenstruationPara" time="5.527" classname="test10.yueni.android.myprofile.Test12MenstruationAssistantPage" />
      
</testsuite>
