<?xml version="1.0" encoding="UTF-8"?>
<testsuite name="ChinaSkinAllTestCase"
           tests="5"
           failures="1"
           errors="0"
           skipped="4"
           time="0.000">
  <properties />
            <testcase name="launchTestApp" time="0.000" classname="test05.yueni.ios.myprofile.Test08UserLoginPage">
                <failure type="java.lang.Error"
                  message="A new session could not be created. (Original error: Bad response from getTreeForXML. Err was undefined and res was undefined) (WARNING: The server did not provide any stacktrace information)
Command duration or timeout: 18.86 seconds
Build info: version: &apos;2.42.2&apos;, revision: &apos;6a6995d31c7c56c340d6f45a76976d43506cd6cc&apos;, time: &apos;2014-06-03 10:52:47&apos;
System info: host: &apos;chinaskindeiMac.local&apos;, ip: &apos;192.168.145.165&apos;, os.name: &apos;Mac OS X&apos;, os.arch: &apos;x86_64&apos;, os.version: &apos;10.11.3&apos;, java.version: &apos;1.8.0_51&apos;
Driver info: io.appium.java_client.ios.IOSDriver"
              >
<![CDATA[java.lang.Error: A new session could not be created. (Original error: Bad response from getTreeForXML. Err was undefined and res was undefined) (WARNING: The server did not provide any stacktrace information)
Command duration or timeout: 18.86 seconds
Build info: version: '2.42.2', revision: '6a6995d31c7c56c340d6f45a76976d43506cd6cc', time: '2014-06-03 10:52:47'
System info: host: 'chinaskindeiMac.local', ip: '192.168.145.165', os.name: 'Mac OS X', os.arch: 'x86_64', os.version: '10.11.3', java.version: '1.8.0_51'
Driver info: io.appium.java_client.ios.IOSDriver
  net.wanghaifeng.conf.iOSLauncherConf.iosDriver(iOSLauncherConf.java:34)
  net.wanghaifeng.enums.IOSLauncher$1.execute(IOSLauncher.java:13)
  net.wanghaifeng.com.TestDriverIOS.launchTestApp(TestDriverIOS.java:70)
  sun.reflect.NativeMethodAccessorImpl.invoke0(Native Method)
  sun.reflect.NativeMethodAccessorImpl.invoke(NativeMethodAccessorImpl.java:62)
  sun.reflect.DelegatingMethodAccessorImpl.invoke(DelegatingMethodAccessorImpl.java:43)
  java.lang.reflect.Method.invoke(Method.java:497)
  org.testng.internal.MethodInvocationHelper.invokeMethod(MethodInvocationHelper.java:84)
  org.testng.internal.Invoker.invokeConfigurationMethod(Invoker.java:564)
  org.testng.internal.Invoker.invokeConfigurations(Invoker.java:213)
  org.testng.internal.Invoker.invokeConfigurations(Invoker.java:138)
  org.testng.TestRunner.beforeRun(TestRunner.java:641)
  org.testng.TestRunner.run(TestRunner.java:609)
  org.testng.SuiteRunner.runTest(SuiteRunner.java:334)
  org.testng.SuiteRunner.runSequentially(SuiteRunner.java:329)
  org.testng.SuiteRunner.privateRun(SuiteRunner.java:291)
  org.testng.SuiteRunner.run(SuiteRunner.java:240)
  org.testng.SuiteRunnerWorker.runSuite(SuiteRunnerWorker.java:52)
  org.testng.SuiteRunnerWorker.run(SuiteRunnerWorker.java:86)
  org.testng.TestNG.runSuitesSequentially(TestNG.java:1224)
  org.testng.TestNG.runSuitesLocally(TestNG.java:1149)
  org.testng.TestNG.run(TestNG.java:1057)
  org.testng.remote.RemoteTestNG.run(RemoteTestNG.java:111)
  org.testng.remote.RemoteTestNG.initAndRun(RemoteTestNG.java:204)
  org.testng.remote.RemoteTestNG.main(RemoteTestNG.java:175)
]]>
      </failure>

          </testcase>
  
            <testcase name="OpenInitializationTestPage" time="0.0" classname="test05.yueni.ios.myprofile.Test08UserLoginPage">
          <skipped />
    </testcase>
            <testcase name="TestFir01stClickUserRegisterButton" time="0.0" classname="test05.yueni.ios.myprofile.Test08UserLoginPage">
          <skipped />
    </testcase>
            <testcase name="TestFir02stClickUserForgetPassword" time="0.0" classname="test05.yueni.ios.myprofile.Test08UserLoginPage">
          <skipped />
    </testcase>
            <testcase name="TestFir03stClickUserLoginButton" time="0.0" classname="test05.yueni.ios.myprofile.Test08UserLoginPage">
          <skipped />
    </testcase>
  
  
</testsuite>
