<?xml version="1.0" encoding="UTF-8"?>
<testsuite name="AllTest_02_OtherFunctionalPage"
           tests="8"
           failures="0"
           errors="0"
           skipped="0"
           time="35.622">
  <properties />
  
  
            <testcase name="TestFir04stClickAfterSelectPhotoToClickNext" time="2.442" classname="test10.yueni.android.myprofile.Test14EditUserInfoPage" />
                <testcase name="TestFir06stClickModifyUserSex" time="1.215" classname="test10.yueni.android.myprofile.Test14EditUserInfoPage" />
                <testcase name="TestFir08stClickModifyUserAddress" time="1.213" classname="test10.yueni.android.myprofile.Test14EditUserInfoPage" />
                <testcase name="TestFir07stClickModifyUserSignature" time="9.991" classname="test10.yueni.android.myprofile.Test14EditUserInfoPage" />
                <testcase name="TestFir01stClickModifyUserFace" time="0.856" classname="test10.yueni.android.myprofile.Test14EditUserInfoPage" />
                <testcase name="TestFir05stClickModifyUserNickName" time="16.727" classname="test10.yueni.android.myprofile.Test14EditUserInfoPage" />
                <testcase name="TestFir02stClickModifyUserFace" time="1.435" classname="test10.yueni.android.myprofile.Test14EditUserInfoPage" />
                <testcase name="TestFir03stClickAnPhotoFromUserAlbum" time="1.743" classname="test10.yueni.android.myprofile.Test14EditUserInfoPage" />
      
</testsuite>
