<?xml version="1.0" encoding="UTF-8"?>
<testsuite name="ChinaSkinAllTestCase"
           tests="9"
           failures="0"
           errors="0"
           skipped="9"
           time="0.002">
  <properties />
  
            <testcase name="ResetTestApplication" time="0.0" classname="test05.yueni.ios.myprofile.Test12MenstruationAssistantPage">
          <skipped />
    </testcase>
            <testcase name="OpenInitializationTestPage" time="0.0" classname="test05.yueni.ios.myprofile.Test12MenstruationAssistantPage">
          <skipped />
    </testcase>
            <testcase name="TestFir04stClickMenstruationAnalysis" time="0.0" classname="test05.yueni.ios.myprofile.Test12MenstruationAssistantPage">
          <skipped />
    </testcase>
            <testcase name="TestFir05stBrowseMenstruation" time="0.0" classname="test05.yueni.ios.myprofile.Test12MenstruationAssistantPage">
          <skipped />
    </testcase>
            <testcase name="TestFir06stClickBackNowMonth" time="0.0" classname="test05.yueni.ios.myprofile.Test12MenstruationAssistantPage">
          <skipped />
    </testcase>
            <testcase name="TestFir01stSetMenstruationAssitant" time="0.0" classname="test05.yueni.ios.myprofile.Test12MenstruationAssistantPage">
          <skipped />
    </testcase>
            <testcase name="TestFir02stClickModifyMenstruationPara" time="0.0" classname="test05.yueni.ios.myprofile.Test12MenstruationAssistantPage">
          <skipped />
    </testcase>
            <testcase name="TestFir07stClickUpdateMenstruationCalendar" time="0.0" classname="test05.yueni.ios.myprofile.Test12MenstruationAssistantPage">
          <skipped />
    </testcase>
            <testcase name="TestFir03stOpenMenstruationCalendar" time="0.0" classname="test05.yueni.ios.myprofile.Test12MenstruationAssistantPage">
          <skipped />
    </testcase>
  
  
</testsuite>
