<?xml version="1.0" encoding="UTF-8"?>
<testsuite name="myModuleTest"
           tests="6"
           failures="0"
           errors="0"
           skipped="0"
           time="38.481">
  <properties />
  
  
            <testcase name="TestFir07stClickPostShareButton" time="4.728" classname="test10.yueni.android.myprofile.Test13UserPostCenterPage" />
                <testcase name="TestFir01stOpenUserCenterPostDetail" time="16.280" classname="test10.yueni.android.myprofile.Test13UserPostCenterPage" />
                <testcase name="TestFir04stClickBrowePostTag" time="6.652" classname="test10.yueni.android.myprofile.Test13UserPostCenterPage" />
                <testcase name="TestFir02stClickPostUserNickName" time="6.025" classname="test10.yueni.android.myprofile.Test13UserPostCenterPage" />
                <testcase name="TestFir05stClickPostCommentButton" time="4.449" classname="test10.yueni.android.myprofile.Test13UserPostCenterPage" />
                <testcase name="TestFir06stClickPostLikeButton" time="0.347" classname="test10.yueni.android.myprofile.Test13UserPostCenterPage" />
      
</testsuite>
